2023-08-01 09:46:19,329 [myid:] - INFO  [main:o.a.z.s.q.QuorumPeerConfig@177] - Reading configuration from: /home/ugadingenieria01/Documentos/DOCKER/DOCKER-APACHE_KAFKA/CONTENEDOR1/apache-zookeeper-3.8.1-bin/bin/../conf/zoo.cfg
2023-08-01 09:46:19,331 [myid:] - WARN  [main:o.a.z.s.u.VerifyingFileFactory@65] - data is relative. Prepend ./ to indicate that you're sure!
2023-08-01 09:46:19,333 [myid:] - INFO  [main:o.a.z.s.q.QuorumPeerConfig@440] - clientPortAddress is 0.0.0.0:2181
2023-08-01 09:46:19,334 [myid:] - INFO  [main:o.a.z.s.q.QuorumPeerConfig@444] - secureClientPort is not set
2023-08-01 09:46:19,334 [myid:] - INFO  [main:o.a.z.s.q.QuorumPeerConfig@460] - observerMasterPort is not set
2023-08-01 09:46:19,334 [myid:] - INFO  [main:o.a.z.s.q.QuorumPeerConfig@477] - metricsProvider.className is org.apache.zookeeper.metrics.impl.DefaultMetricsProvider
2023-08-01 09:46:19,338 [myid:] - ERROR [main:o.a.z.s.q.QuorumPeerConfig@702] - Invalid configuration, only one server specified (ignoring)
2023-08-01 09:46:19,339 [myid:1] - INFO  [main:o.a.z.s.DatadirCleanupManager@78] - autopurge.snapRetainCount set to 3
2023-08-01 09:46:19,339 [myid:1] - INFO  [main:o.a.z.s.DatadirCleanupManager@79] - autopurge.purgeInterval set to 0
2023-08-01 09:46:19,339 [myid:1] - INFO  [main:o.a.z.s.DatadirCleanupManager@101] - Purge task is not scheduled.
2023-08-01 09:46:19,339 [myid:1] - WARN  [main:o.a.z.s.q.QuorumPeerMain@139] - Either no config or no quorum defined in config, running in standalone mode
2023-08-01 09:46:19,340 [myid:1] - INFO  [main:o.a.z.j.ManagedUtil@46] - Log4j 1.2 jmx support not found; jmx disabled.
2023-08-01 09:46:19,340 [myid:1] - INFO  [main:o.a.z.s.q.QuorumPeerConfig@177] - Reading configuration from: /home/ugadingenieria01/Documentos/DOCKER/DOCKER-APACHE_KAFKA/CONTENEDOR1/apache-zookeeper-3.8.1-bin/bin/../conf/zoo.cfg
2023-08-01 09:46:19,341 [myid:1] - WARN  [main:o.a.z.s.u.VerifyingFileFactory@65] - data is relative. Prepend ./ to indicate that you're sure!
2023-08-01 09:46:19,341 [myid:1] - INFO  [main:o.a.z.s.q.QuorumPeerConfig@440] - clientPortAddress is 0.0.0.0:2181
2023-08-01 09:46:19,341 [myid:1] - INFO  [main:o.a.z.s.q.QuorumPeerConfig@444] - secureClientPort is not set
2023-08-01 09:46:19,341 [myid:1] - INFO  [main:o.a.z.s.q.QuorumPeerConfig@460] - observerMasterPort is not set
2023-08-01 09:46:19,341 [myid:1] - INFO  [main:o.a.z.s.q.QuorumPeerConfig@477] - metricsProvider.className is org.apache.zookeeper.metrics.impl.DefaultMetricsProvider
2023-08-01 09:46:19,341 [myid:1] - ERROR [main:o.a.z.s.q.QuorumPeerConfig@702] - Invalid configuration, only one server specified (ignoring)
2023-08-01 09:46:19,341 [myid:1] - INFO  [main:o.a.z.s.ZooKeeperServerMain@123] - Starting server
2023-08-01 09:46:19,349 [myid:1] - INFO  [main:o.a.z.s.ServerMetrics@64] - ServerMetrics initialized with provider org.apache.zookeeper.metrics.impl.DefaultMetricsProvider@76505305
2023-08-01 09:46:19,351 [myid:1] - INFO  [main:o.a.z.s.a.DigestAuthenticationProvider@47] - ACL digest algorithm is: SHA1
2023-08-01 09:46:19,351 [myid:1] - INFO  [main:o.a.z.s.a.DigestAuthenticationProvider@61] - zookeeper.DigestAuthenticationProvider.enabled = true
2023-08-01 09:46:19,352 [myid:1] - INFO  [main:o.a.z.s.p.FileTxnSnapLog@124] - zookeeper.snapshot.trust.empty : false
2023-08-01 09:46:19,358 [myid:1] - INFO  [main:o.a.z.ZookeeperBanner@42] - 
2023-08-01 09:46:19,359 [myid:1] - INFO  [main:o.a.z.ZookeeperBanner@42] -   ______                  _                                          
2023-08-01 09:46:19,359 [myid:1] - INFO  [main:o.a.z.ZookeeperBanner@42] -  |___  /                 | |                                         
2023-08-01 09:46:19,359 [myid:1] - INFO  [main:o.a.z.ZookeeperBanner@42] -     / /    ___     ___   | | __   ___    ___   _ __     ___   _ __   
2023-08-01 09:46:19,359 [myid:1] - INFO  [main:o.a.z.ZookeeperBanner@42] -    / /    / _ \   / _ \  | |/ /  / _ \  / _ \ | '_ \   / _ \ | '__|
2023-08-01 09:46:19,359 [myid:1] - INFO  [main:o.a.z.ZookeeperBanner@42] -   / /__  | (_) | | (_) | |   <  |  __/ |  __/ | |_) | |  __/ | |    
2023-08-01 09:46:19,359 [myid:1] - INFO  [main:o.a.z.ZookeeperBanner@42] -  /_____|  \___/   \___/  |_|\_\  \___|  \___| | .__/   \___| |_|
2023-08-01 09:46:19,359 [myid:1] - INFO  [main:o.a.z.ZookeeperBanner@42] -                                               | |                     
2023-08-01 09:46:19,359 [myid:1] - INFO  [main:o.a.z.ZookeeperBanner@42] -                                               |_|                     
2023-08-01 09:46:19,359 [myid:1] - INFO  [main:o.a.z.ZookeeperBanner@42] - 
2023-08-01 09:46:19,360 [myid:1] - INFO  [main:o.a.z.Environment@98] - Server environment:zookeeper.version=3.8.1-74db005175a4ec545697012f9069cb9dcc8cdda7, built on 2023-01-25 16:31 UTC
2023-08-01 09:46:19,360 [myid:1] - INFO  [main:o.a.z.Environment@98] - Server environment:host.name=linux01
2023-08-01 09:46:19,360 [myid:1] - INFO  [main:o.a.z.Environment@98] - Server environment:java.version=11.0.20
2023-08-01 09:46:19,360 [myid:1] - INFO  [main:o.a.z.Environment@98] - Server environment:java.vendor=Ubuntu
2023-08-01 09:46:19,360 [myid:1] - INFO  [main:o.a.z.Environment@98] - Server environment:java.home=/usr/lib/jvm/java-11-openjdk-amd64
2023-08-01 09:46:19,360 [myid:1] - INFO  [main:o.a.z.Environment@98] - Server environment:java.class.path=/home/ugadingenieria01/Documentos/DOCKER/DOCKER-APACHE_KAFKA/CONTENEDOR1/apache-zookeeper-3.8.1-bin/bin/../zookeeper-server/target/classes:/home/ugadingenieria01/Documentos/DOCKER/DOCKER-APACHE_KAFKA/CONTENEDOR1/apache-zookeeper-3.8.1-bin/bin/../build/classes:/home/ugadingenieria01/Documentos/DOCKER/DOCKER-APACHE_KAFKA/CONTENEDOR1/apache-zookeeper-3.8.1-bin/bin/../zookeeper-server/target/lib/*.jar:/home/ugadingenieria01/Documentos/DOCKER/DOCKER-APACHE_KAFKA/CONTENEDOR1/apache-zookeeper-3.8.1-bin/bin/../build/lib/*.jar:/home/ugadingenieria01/Documentos/DOCKER/DOCKER-APACHE_KAFKA/CONTENEDOR1/apache-zookeeper-3.8.1-bin/bin/../lib/zookeeper-prometheus-metrics-3.8.1.jar:/home/ugadingenieria01/Documentos/DOCKER/DOCKER-APACHE_KAFKA/CONTENEDOR1/apache-zookeeper-3.8.1-bin/bin/../lib/zookeeper-jute-3.8.1.jar:/home/ugadingenieria01/Documentos/DOCKER/DOCKER-APACHE_KAFKA/CONTENEDOR1/apache-zookeeper-3.8.1-bin/bin/../lib/zookeeper-3.8.1.jar:/home/ugadingenieria01/Documentos/DOCKER/DOCKER-APACHE_KAFKA/CONTENEDOR1/apache-zookeeper-3.8.1-bin/bin/../lib/snappy-java-1.1.7.7.jar:/home/ugadingenieria01/Documentos/DOCKER/DOCKER-APACHE_KAFKA/CONTENEDOR1/apache-zookeeper-3.8.1-bin/bin/../lib/slf4j-api-1.7.30.jar:/home/ugadingenieria01/Documentos/DOCKER/DOCKER-APACHE_KAFKA/CONTENEDOR1/apache-zookeeper-3.8.1-bin/bin/../lib/simpleclient_servlet-0.9.0.jar:/home/ugadingenieria01/Documentos/DOCKER/DOCKER-APACHE_KAFKA/CONTENEDOR1/apache-zookeeper-3.8.1-bin/bin/../lib/simpleclient_hotspot-0.9.0.jar:/home/ugadingenieria01/Documentos/DOCKER/DOCKER-APACHE_KAFKA/CONTENEDOR1/apache-zookeeper-3.8.1-bin/bin/../lib/simpleclient_common-0.9.0.jar:/home/ugadingenieria01/Documentos/DOCKER/DOCKER-APACHE_KAFKA/CONTENEDOR1/apache-zookeeper-3.8.1-bin/bin/../lib/simpleclient-0.9.0.jar:/home/ugadingenieria01/Documentos/DOCKER/DOCKER-APACHE_KAFKA/CONTENEDOR1/apache-zookeeper-3.8.1-bin/bin/../lib/netty-transport-native-unix-common-4.1.86.Final.jar:/home/ugadingenieria01/Documentos/DOCKER/DOCKER-APACHE_KAFKA/CONTENEDOR1/apache-zookeeper-3.8.1-bin/bin/../lib/netty-transport-native-epoll-4.1.86.Final.jar:/home/ugadingenieria01/Documentos/DOCKER/DOCKER-APACHE_KAFKA/CONTENEDOR1/apache-zookeeper-3.8.1-bin/bin/../lib/netty-transport-classes-epoll-4.1.86.Final.jar:/home/ugadingenieria01/Documentos/DOCKER/DOCKER-APACHE_KAFKA/CONTENEDOR1/apache-zookeeper-3.8.1-bin/bin/../lib/netty-transport-4.1.86.Final.jar:/home/ugadingenieria01/Documentos/DOCKER/DOCKER-APACHE_KAFKA/CONTENEDOR1/apache-zookeeper-3.8.1-bin/bin/../lib/netty-resolver-4.1.86.Final.jar:/home/ugadingenieria01/Documentos/DOCKER/DOCKER-APACHE_KAFKA/CONTENEDOR1/apache-zookeeper-3.8.1-bin/bin/../lib/netty-handler-4.1.86.Final.jar:/home/ugadingenieria01/Documentos/DOCKER/DOCKER-APACHE_KAFKA/CONTENEDOR1/apache-zookeeper-3.8.1-bin/bin/../lib/netty-common-4.1.86.Final.jar:/home/ugadingenieria01/Documentos/DOCKER/DOCKER-APACHE_KAFKA/CONTENEDOR1/apache-zookeeper-3.8.1-bin/bin/../lib/netty-codec-4.1.86.Final.jar:/home/ugadingenieria01/Documentos/DOCKER/DOCKER-APACHE_KAFKA/CONTENEDOR1/apache-zookeeper-3.8.1-bin/bin/../lib/netty-buffer-4.1.86.Final.jar:/home/ugadingenieria01/Documentos/DOCKER/DOCKER-APACHE_KAFKA/CONTENEDOR1/apache-zookeeper-3.8.1-bin/bin/../lib/metrics-core-4.1.12.1.jar:/home/ugadingenieria01/Documentos/DOCKER/DOCKER-APACHE_KAFKA/CONTENEDOR1/apache-zookeeper-3.8.1-bin/bin/../lib/logback-core-1.2.10.jar:/home/ugadingenieria01/Documentos/DOCKER/DOCKER-APACHE_KAFKA/CONTENEDOR1/apache-zookeeper-3.8.1-bin/bin/../lib/logback-classic-1.2.10.jar:/home/ugadingenieria01/Documentos/DOCKER/DOCKER-APACHE_KAFKA/CONTENEDOR1/apache-zookeeper-3.8.1-bin/bin/../lib/jline-2.14.6.jar:/home/ugadingenieria01/Documentos/DOCKER/DOCKER-APACHE_KAFKA/CONTENEDOR1/apache-zookeeper-3.8.1-bin/bin/../lib/jetty-util-ajax-9.4.49.v20220914.jar:/home/ugadingenieria01/Documentos/DOCKER/DOCKER-APACHE_KAFKA/CONTENEDOR1/apache-zookeeper-3.8.1-bin/bin/../lib/jetty-util-9.4.49.v20220914.jar:/home/ugadingenieria01/Documentos/DOCKER/DOCKER-APACHE_KAFKA/CONTENEDOR1/apache-zookeeper-3.8.1-bin/bin/../lib/jetty-servlet-9.4.49.v20220914.jar:/home/ugadingenieria01/Documentos/DOCKER/DOCKER-APACHE_KAFKA/CONTENEDOR1/apache-zookeeper-3.8.1-bin/bin/../lib/jetty-server-9.4.49.v20220914.jar:/home/ugadingenieria01/Documentos/DOCKER/DOCKER-APACHE_KAFKA/CONTENEDOR1/apache-zookeeper-3.8.1-bin/bin/../lib/jetty-security-9.4.49.v20220914.jar:/home/ugadingenieria01/Documentos/DOCKER/DOCKER-APACHE_KAFKA/CONTENEDOR1/apache-zookeeper-3.8.1-bin/bin/../lib/jetty-io-9.4.49.v20220914.jar:/home/ugadingenieria01/Documentos/DOCKER/DOCKER-APACHE_KAFKA/CONTENEDOR1/apache-zookeeper-3.8.1-bin/bin/../lib/jetty-http-9.4.49.v20220914.jar:/home/ugadingenieria01/Documentos/DOCKER/DOCKER-APACHE_KAFKA/CONTENEDOR1/apache-zookeeper-3.8.1-bin/bin/../lib/javax.servlet-api-3.1.0.jar:/home/ugadingenieria01/Documentos/DOCKER/DOCKER-APACHE_KAFKA/CONTENEDOR1/apache-zookeeper-3.8.1-bin/bin/../lib/jackson-databind-2.13.4.2.jar:/home/ugadingenieria01/Documentos/DOCKER/DOCKER-APACHE_KAFKA/CONTENEDOR1/apache-zookeeper-3.8.1-bin/bin/../lib/jackson-core-2.13.4.jar:/home/ugadingenieria01/Documentos/DOCKER/DOCKER-APACHE_KAFKA/CONTENEDOR1/apache-zookeeper-3.8.1-bin/bin/../lib/jackson-annotations-2.13.4.jar:/home/ugadingenieria01/Documentos/DOCKER/DOCKER-APACHE_KAFKA/CONTENEDOR1/apache-zookeeper-3.8.1-bin/bin/../lib/commons-io-2.11.0.jar:/home/ugadingenieria01/Documentos/DOCKER/DOCKER-APACHE_KAFKA/CONTENEDOR1/apache-zookeeper-3.8.1-bin/bin/../lib/commons-cli-1.5.0.jar:/home/ugadingenieria01/Documentos/DOCKER/DOCKER-APACHE_KAFKA/CONTENEDOR1/apache-zookeeper-3.8.1-bin/bin/../lib/audience-annotations-0.12.0.jar:/home/ugadingenieria01/Documentos/DOCKER/DOCKER-APACHE_KAFKA/CONTENEDOR1/apache-zookeeper-3.8.1-bin/bin/../zookeeper-*.jar:/home/ugadingenieria01/Documentos/DOCKER/DOCKER-APACHE_KAFKA/CONTENEDOR1/apache-zookeeper-3.8.1-bin/bin/../zookeeper-server/src/main/resources/lib/*.jar:/home/ugadingenieria01/Documentos/DOCKER/DOCKER-APACHE_KAFKA/CONTENEDOR1/apache-zookeeper-3.8.1-bin/bin/../conf:
2023-08-01 09:46:19,360 [myid:1] - INFO  [main:o.a.z.Environment@98] - Server environment:java.library.path=/usr/java/packages/lib:/usr/lib/x86_64-linux-gnu/jni:/lib/x86_64-linux-gnu:/usr/lib/x86_64-linux-gnu:/usr/lib/jni:/lib:/usr/lib
2023-08-01 09:46:19,361 [myid:1] - INFO  [main:o.a.z.Environment@98] - Server environment:java.io.tmpdir=/tmp
2023-08-01 09:46:19,361 [myid:1] - INFO  [main:o.a.z.Environment@98] - Server environment:java.compiler=<NA>
2023-08-01 09:46:19,361 [myid:1] - INFO  [main:o.a.z.Environment@98] - Server environment:os.name=Linux
2023-08-01 09:46:19,361 [myid:1] - INFO  [main:o.a.z.Environment@98] - Server environment:os.arch=amd64
2023-08-01 09:46:19,361 [myid:1] - INFO  [main:o.a.z.Environment@98] - Server environment:os.version=5.19.0-50-generic
2023-08-01 09:46:19,361 [myid:1] - INFO  [main:o.a.z.Environment@98] - Server environment:user.name=ugadingenieria01
2023-08-01 09:46:19,361 [myid:1] - INFO  [main:o.a.z.Environment@98] - Server environment:user.home=/home/ugadingenieria01
2023-08-01 09:46:19,361 [myid:1] - INFO  [main:o.a.z.Environment@98] - Server environment:user.dir=/home/ugadingenieria01/Documentos/DOCKER/DOCKER-APACHE_KAFKA/CONTENEDOR1/apache-zookeeper-3.8.1-bin
2023-08-01 09:46:19,361 [myid:1] - INFO  [main:o.a.z.Environment@98] - Server environment:os.memory.free=480MB
2023-08-01 09:46:19,361 [myid:1] - INFO  [main:o.a.z.Environment@98] - Server environment:os.memory.max=1000MB
2023-08-01 09:46:19,361 [myid:1] - INFO  [main:o.a.z.Environment@98] - Server environment:os.memory.total=500MB
2023-08-01 09:46:19,361 [myid:1] - INFO  [main:o.a.z.s.ZooKeeperServer@140] - zookeeper.enableEagerACLCheck = false
2023-08-01 09:46:19,361 [myid:1] - INFO  [main:o.a.z.s.ZooKeeperServer@153] - zookeeper.digest.enabled = true
2023-08-01 09:46:19,361 [myid:1] - INFO  [main:o.a.z.s.ZooKeeperServer@157] - zookeeper.closeSessionTxn.enabled = true
2023-08-01 09:46:19,361 [myid:1] - INFO  [main:o.a.z.s.ZooKeeperServer@1510] - zookeeper.flushDelay = 0 ms
2023-08-01 09:46:19,361 [myid:1] - INFO  [main:o.a.z.s.ZooKeeperServer@1519] - zookeeper.maxWriteQueuePollTime = 0 ms
2023-08-01 09:46:19,361 [myid:1] - INFO  [main:o.a.z.s.ZooKeeperServer@1528] - zookeeper.maxBatchSize=1000
2023-08-01 09:46:19,361 [myid:1] - INFO  [main:o.a.z.s.ZooKeeperServer@275] - zookeeper.intBufferStartingSizeBytes = 1024
2023-08-01 09:46:19,362 [myid:1] - INFO  [main:o.a.z.s.BlueThrottle@141] - Weighed connection throttling is disabled
2023-08-01 09:46:19,363 [myid:1] - INFO  [main:o.a.z.s.ZooKeeperServer@1311] - minSessionTimeout set to 4000 ms
2023-08-01 09:46:19,363 [myid:1] - INFO  [main:o.a.z.s.ZooKeeperServer@1320] - maxSessionTimeout set to 40000 ms
2023-08-01 09:46:19,363 [myid:1] - INFO  [main:o.a.z.s.ResponseCache@45] - getData response cache size is initialized with value 400.
2023-08-01 09:46:19,363 [myid:1] - INFO  [main:o.a.z.s.ResponseCache@45] - getChildren response cache size is initialized with value 400.
2023-08-01 09:46:19,364 [myid:1] - INFO  [main:o.a.z.s.u.RequestPathMetricsCollector@109] - zookeeper.pathStats.slotCapacity = 60
2023-08-01 09:46:19,364 [myid:1] - INFO  [main:o.a.z.s.u.RequestPathMetricsCollector@110] - zookeeper.pathStats.slotDuration = 15
2023-08-01 09:46:19,364 [myid:1] - INFO  [main:o.a.z.s.u.RequestPathMetricsCollector@111] - zookeeper.pathStats.maxDepth = 6
2023-08-01 09:46:19,364 [myid:1] - INFO  [main:o.a.z.s.u.RequestPathMetricsCollector@112] - zookeeper.pathStats.initialDelay = 5
2023-08-01 09:46:19,364 [myid:1] - INFO  [main:o.a.z.s.u.RequestPathMetricsCollector@113] - zookeeper.pathStats.delay = 5
2023-08-01 09:46:19,364 [myid:1] - INFO  [main:o.a.z.s.u.RequestPathMetricsCollector@114] - zookeeper.pathStats.enabled = false
2023-08-01 09:46:19,366 [myid:1] - INFO  [main:o.a.z.s.ZooKeeperServer@1547] - The max bytes for all large requests are set to 104857600
2023-08-01 09:46:19,366 [myid:1] - INFO  [main:o.a.z.s.ZooKeeperServer@1561] - The large request threshold is set to -1
2023-08-01 09:46:19,366 [myid:1] - INFO  [main:o.a.z.s.AuthenticationHelper@66] - zookeeper.enforce.auth.enabled = false
2023-08-01 09:46:19,366 [myid:1] - INFO  [main:o.a.z.s.AuthenticationHelper@67] - zookeeper.enforce.auth.schemes = []
2023-08-01 09:46:19,366 [myid:1] - INFO  [main:o.a.z.s.ZooKeeperServer@376] - Created server with tickTime 2000 ms minSessionTimeout 4000 ms maxSessionTimeout 40000 ms clientPortListenBacklog -1 datadir data/version-2 snapdir data/version-2
2023-08-01 09:46:19,381 [myid:1] - INFO  [main:o.e.j.u.l.Log@170] - Logging initialized @407ms to org.eclipse.jetty.util.log.Slf4jLog
2023-08-01 09:46:19,435 [myid:1] - WARN  [main:o.e.j.s.h.ContextHandler@1662] - o.e.j.s.ServletContextHandler@55634720{/,null,STOPPED} contextPath ends with /*
2023-08-01 09:46:19,435 [myid:1] - WARN  [main:o.e.j.s.h.ContextHandler@1673] - Empty contextPath
2023-08-01 09:46:19,449 [myid:1] - INFO  [main:o.e.j.s.Server@375] - jetty-9.4.49.v20220914; built: 2022-09-14T01:07:36.601Z; git: 4231a3b2e4cb8548a412a789936d640a97b1aa0a; jvm 11.0.20+8-post-Ubuntu-1ubuntu122.04
2023-08-01 09:46:19,466 [myid:1] - INFO  [main:o.e.j.s.s.DefaultSessionIdManager@334] - DefaultSessionIdManager workerName=node0
2023-08-01 09:46:19,466 [myid:1] - INFO  [main:o.e.j.s.s.DefaultSessionIdManager@339] - No SessionScavenger set, using defaults
2023-08-01 09:46:19,467 [myid:1] - INFO  [main:o.e.j.s.s.HouseKeeper@132] - node0 Scavenging every 600000ms
2023-08-01 09:46:19,470 [myid:1] - WARN  [main:o.e.j.s.ConstraintSecurityHandler@759] - ServletContext@o.e.j.s.ServletContextHandler@55634720{/,null,STARTING} has uncovered http methods for path: /*
2023-08-01 09:46:19,476 [myid:1] - INFO  [main:o.e.j.s.h.ContextHandler@921] - Started o.e.j.s.ServletContextHandler@55634720{/,null,AVAILABLE}
2023-08-01 09:46:19,485 [myid:1] - INFO  [main:o.e.j.s.AbstractConnector@333] - Started ServerConnector@3059cbc{HTTP/1.1, (http/1.1)}{0.0.0.0:8080}
2023-08-01 09:46:19,486 [myid:1] - INFO  [main:o.e.j.s.Server@415] - Started @513ms
2023-08-01 09:46:19,486 [myid:1] - INFO  [main:o.a.z.s.a.JettyAdminServer@196] - Started AdminServer on address 0.0.0.0, port 8080 and command URL /commands
2023-08-01 09:46:19,489 [myid:1] - INFO  [main:o.a.z.s.ServerCnxnFactory@169] - Using org.apache.zookeeper.server.NIOServerCnxnFactory as server connection factory
2023-08-01 09:46:19,494 [myid:1] - WARN  [main:o.a.z.s.ServerCnxnFactory@309] - maxCnxns is not configured, using default value 0.
2023-08-01 09:46:19,495 [myid:1] - INFO  [main:o.a.z.s.NIOServerCnxnFactory@652] - Configuring NIO connection handler with 10s sessionless connection timeout, 2 selector thread(s), 24 worker threads, and 64 kB direct buffers.
2023-08-01 09:46:19,496 [myid:1] - INFO  [main:o.a.z.s.NIOServerCnxnFactory@660] - binding to port 0.0.0.0/0.0.0.0:2181
2023-08-01 09:46:19,505 [myid:1] - INFO  [main:o.a.z.s.w.WatchManagerFactory@42] - Using org.apache.zookeeper.server.watch.WatchManager as watch manager
2023-08-01 09:46:19,505 [myid:1] - INFO  [main:o.a.z.s.w.WatchManagerFactory@42] - Using org.apache.zookeeper.server.watch.WatchManager as watch manager
2023-08-01 09:46:19,506 [myid:1] - INFO  [main:o.a.z.s.ZKDatabase@132] - zookeeper.snapshotSizeFactor = 0.33
2023-08-01 09:46:19,506 [myid:1] - INFO  [main:o.a.z.s.ZKDatabase@152] - zookeeper.commitLogCount=500
2023-08-01 09:46:19,508 [myid:1] - INFO  [main:o.a.z.s.p.SnapStream@61] - zookeeper.snapshot.compression.method = CHECKED
2023-08-01 09:46:19,509 [myid:1] - INFO  [main:o.a.z.s.p.FileSnap@85] - Reading snapshot data/version-2/snapshot.1000000ff
2023-08-01 09:46:19,513 [myid:1] - INFO  [main:o.a.z.s.DataTree@1712] - The digest value is empty in snapshot
2023-08-01 09:46:19,518 [myid:1] - INFO  [main:o.a.z.s.ZKDatabase@289] - Snapshot loaded in 12 ms, highest zxid is 0x1000000ff, digest is 299092819308
2023-08-01 09:46:19,519 [myid:1] - INFO  [main:o.a.z.s.p.FileTxnSnapLog@479] - Snapshotting: 0x1000000ff to data/version-2/snapshot.1000000ff
2023-08-01 09:46:19,522 [myid:1] - INFO  [main:o.a.z.s.ZooKeeperServer@558] - Snapshot taken in 3 ms
2023-08-01 09:46:19,529 [myid:1] - INFO  [main:o.a.z.s.RequestThrottler@75] - zookeeper.request_throttler.shutdownTimeout = 10000 ms
2023-08-01 09:46:19,529 [myid:] - INFO  [ProcessThread(sid:0 cport:2181)::o.a.z.s.PrepRequestProcessor@138] - PrepRequestProcessor (sid:0) started, reconfigEnabled=false
2023-08-01 09:46:19,538 [myid:1] - INFO  [main:o.a.z.s.ContainerManager@84] - Using checkIntervalMs=60000 maxPerMinute=10000 maxNeverUsedIntervalMs=0
2023-08-01 09:46:19,539 [myid:1] - INFO  [main:o.a.z.a.ZKAuditProvider@42] - ZooKeeper audit is disabled.
