[2023-08-01 01:14:30,216] INFO Registered kafka:type=kafka.Log4jController MBean (kafka.utils.Log4jControllerRegistration$)
[2023-08-01 01:14:30,404] ERROR Exiting Kafka due to fatal exception (kafka.Kafka$)
java.nio.file.NoSuchFileException: config/server.properties
	at java.base/sun.nio.fs.UnixException.translateToIOException(UnixException.java:92)
	at java.base/sun.nio.fs.UnixException.rethrowAsIOException(UnixException.java:111)
	at java.base/sun.nio.fs.UnixException.rethrowAsIOException(UnixException.java:116)
	at java.base/sun.nio.fs.UnixFileSystemProvider.newByteChannel(UnixFileSystemProvider.java:219)
	at java.base/java.nio.file.Files.newByteChannel(Files.java:371)
	at java.base/java.nio.file.Files.newByteChannel(Files.java:422)
	at java.base/java.nio.file.spi.FileSystemProvider.newInputStream(FileSystemProvider.java:420)
	at java.base/java.nio.file.Files.newInputStream(Files.java:156)
	at org.apache.kafka.common.utils.Utils.loadProps(Utils.java:683)
	at kafka.Kafka$.getPropsFromArgs(Kafka.scala:51)
	at kafka.Kafka$.main(Kafka.scala:90)
	at kafka.Kafka.main(Kafka.scala)
[2023-08-01 01:29:30,362] INFO Registered kafka:type=kafka.Log4jController MBean (kafka.utils.Log4jControllerRegistration$)
[2023-08-01 01:29:30,544] ERROR Exiting Kafka due to fatal exception (kafka.Kafka$)
java.nio.file.NoSuchFileException: config/server.properties
	at java.base/sun.nio.fs.UnixException.translateToIOException(UnixException.java:92)
	at java.base/sun.nio.fs.UnixException.rethrowAsIOException(UnixException.java:111)
	at java.base/sun.nio.fs.UnixException.rethrowAsIOException(UnixException.java:116)
	at java.base/sun.nio.fs.UnixFileSystemProvider.newByteChannel(UnixFileSystemProvider.java:219)
	at java.base/java.nio.file.Files.newByteChannel(Files.java:371)
	at java.base/java.nio.file.Files.newByteChannel(Files.java:422)
	at java.base/java.nio.file.spi.FileSystemProvider.newInputStream(FileSystemProvider.java:420)
	at java.base/java.nio.file.Files.newInputStream(Files.java:156)
	at org.apache.kafka.common.utils.Utils.loadProps(Utils.java:683)
	at kafka.Kafka$.getPropsFromArgs(Kafka.scala:51)
	at kafka.Kafka$.main(Kafka.scala:90)
	at kafka.Kafka.main(Kafka.scala)
[2023-08-01 01:44:30,511] INFO Registered kafka:type=kafka.Log4jController MBean (kafka.utils.Log4jControllerRegistration$)
[2023-08-01 01:44:30,692] ERROR Exiting Kafka due to fatal exception (kafka.Kafka$)
java.nio.file.NoSuchFileException: config/server.properties
	at java.base/sun.nio.fs.UnixException.translateToIOException(UnixException.java:92)
	at java.base/sun.nio.fs.UnixException.rethrowAsIOException(UnixException.java:111)
	at java.base/sun.nio.fs.UnixException.rethrowAsIOException(UnixException.java:116)
	at java.base/sun.nio.fs.UnixFileSystemProvider.newByteChannel(UnixFileSystemProvider.java:219)
	at java.base/java.nio.file.Files.newByteChannel(Files.java:371)
	at java.base/java.nio.file.Files.newByteChannel(Files.java:422)
	at java.base/java.nio.file.spi.FileSystemProvider.newInputStream(FileSystemProvider.java:420)
	at java.base/java.nio.file.Files.newInputStream(Files.java:156)
	at org.apache.kafka.common.utils.Utils.loadProps(Utils.java:683)
	at kafka.Kafka$.getPropsFromArgs(Kafka.scala:51)
	at kafka.Kafka$.main(Kafka.scala:90)
	at kafka.Kafka.main(Kafka.scala)
[2023-08-01 01:59:30,482] INFO Registered kafka:type=kafka.Log4jController MBean (kafka.utils.Log4jControllerRegistration$)
[2023-08-01 01:59:30,668] ERROR Exiting Kafka due to fatal exception (kafka.Kafka$)
java.nio.file.NoSuchFileException: config/server.properties
	at java.base/sun.nio.fs.UnixException.translateToIOException(UnixException.java:92)
	at java.base/sun.nio.fs.UnixException.rethrowAsIOException(UnixException.java:111)
	at java.base/sun.nio.fs.UnixException.rethrowAsIOException(UnixException.java:116)
	at java.base/sun.nio.fs.UnixFileSystemProvider.newByteChannel(UnixFileSystemProvider.java:219)
	at java.base/java.nio.file.Files.newByteChannel(Files.java:371)
	at java.base/java.nio.file.Files.newByteChannel(Files.java:422)
	at java.base/java.nio.file.spi.FileSystemProvider.newInputStream(FileSystemProvider.java:420)
	at java.base/java.nio.file.Files.newInputStream(Files.java:156)
	at org.apache.kafka.common.utils.Utils.loadProps(Utils.java:683)
	at kafka.Kafka$.getPropsFromArgs(Kafka.scala:51)
	at kafka.Kafka$.main(Kafka.scala:90)
	at kafka.Kafka.main(Kafka.scala)
[2023-08-01 13:26:50,656] INFO Registered kafka:type=kafka.Log4jController MBean (kafka.utils.Log4jControllerRegistration$)
[2023-08-01 13:26:50,841] ERROR Exiting Kafka due to fatal exception (kafka.Kafka$)
java.nio.file.NoSuchFileException: config/server.properties
	at java.base/sun.nio.fs.UnixException.translateToIOException(UnixException.java:92)
	at java.base/sun.nio.fs.UnixException.rethrowAsIOException(UnixException.java:111)
	at java.base/sun.nio.fs.UnixException.rethrowAsIOException(UnixException.java:116)
	at java.base/sun.nio.fs.UnixFileSystemProvider.newByteChannel(UnixFileSystemProvider.java:219)
	at java.base/java.nio.file.Files.newByteChannel(Files.java:371)
	at java.base/java.nio.file.Files.newByteChannel(Files.java:422)
	at java.base/java.nio.file.spi.FileSystemProvider.newInputStream(FileSystemProvider.java:420)
	at java.base/java.nio.file.Files.newInputStream(Files.java:156)
	at org.apache.kafka.common.utils.Utils.loadProps(Utils.java:683)
	at kafka.Kafka$.getPropsFromArgs(Kafka.scala:51)
	at kafka.Kafka$.main(Kafka.scala:90)
	at kafka.Kafka.main(Kafka.scala)
[2023-08-01 13:26:52,911] INFO Registered kafka:type=kafka.Log4jController MBean (kafka.utils.Log4jControllerRegistration$)
[2023-08-01 13:26:53,100] ERROR Exiting Kafka due to fatal exception (kafka.Kafka$)
java.nio.file.NoSuchFileException: config/server.properties
	at java.base/sun.nio.fs.UnixException.translateToIOException(UnixException.java:92)
	at java.base/sun.nio.fs.UnixException.rethrowAsIOException(UnixException.java:111)
	at java.base/sun.nio.fs.UnixException.rethrowAsIOException(UnixException.java:116)
	at java.base/sun.nio.fs.UnixFileSystemProvider.newByteChannel(UnixFileSystemProvider.java:219)
	at java.base/java.nio.file.Files.newByteChannel(Files.java:371)
	at java.base/java.nio.file.Files.newByteChannel(Files.java:422)
	at java.base/java.nio.file.spi.FileSystemProvider.newInputStream(FileSystemProvider.java:420)
	at java.base/java.nio.file.Files.newInputStream(Files.java:156)
	at org.apache.kafka.common.utils.Utils.loadProps(Utils.java:683)
	at kafka.Kafka$.getPropsFromArgs(Kafka.scala:51)
	at kafka.Kafka$.main(Kafka.scala:90)
	at kafka.Kafka.main(Kafka.scala)
[2023-08-01 13:26:55,398] INFO Registered kafka:type=kafka.Log4jController MBean (kafka.utils.Log4jControllerRegistration$)
[2023-08-01 13:26:55,591] ERROR Exiting Kafka due to fatal exception (kafka.Kafka$)
java.nio.file.NoSuchFileException: config/server.properties
	at java.base/sun.nio.fs.UnixException.translateToIOException(UnixException.java:92)
	at java.base/sun.nio.fs.UnixException.rethrowAsIOException(UnixException.java:111)
	at java.base/sun.nio.fs.UnixException.rethrowAsIOException(UnixException.java:116)
	at java.base/sun.nio.fs.UnixFileSystemProvider.newByteChannel(UnixFileSystemProvider.java:219)
	at java.base/java.nio.file.Files.newByteChannel(Files.java:371)
	at java.base/java.nio.file.Files.newByteChannel(Files.java:422)
	at java.base/java.nio.file.spi.FileSystemProvider.newInputStream(FileSystemProvider.java:420)
	at java.base/java.nio.file.Files.newInputStream(Files.java:156)
	at org.apache.kafka.common.utils.Utils.loadProps(Utils.java:683)
	at kafka.Kafka$.getPropsFromArgs(Kafka.scala:51)
	at kafka.Kafka$.main(Kafka.scala:90)
	at kafka.Kafka.main(Kafka.scala)
[2023-08-01 13:26:57,818] INFO Registered kafka:type=kafka.Log4jController MBean (kafka.utils.Log4jControllerRegistration$)
[2023-08-01 13:26:58,008] ERROR Exiting Kafka due to fatal exception (kafka.Kafka$)
java.nio.file.NoSuchFileException: config/server.properties
	at java.base/sun.nio.fs.UnixException.translateToIOException(UnixException.java:92)
	at java.base/sun.nio.fs.UnixException.rethrowAsIOException(UnixException.java:111)
	at java.base/sun.nio.fs.UnixException.rethrowAsIOException(UnixException.java:116)
	at java.base/sun.nio.fs.UnixFileSystemProvider.newByteChannel(UnixFileSystemProvider.java:219)
	at java.base/java.nio.file.Files.newByteChannel(Files.java:371)
	at java.base/java.nio.file.Files.newByteChannel(Files.java:422)
	at java.base/java.nio.file.spi.FileSystemProvider.newInputStream(FileSystemProvider.java:420)
	at java.base/java.nio.file.Files.newInputStream(Files.java:156)
	at org.apache.kafka.common.utils.Utils.loadProps(Utils.java:683)
	at kafka.Kafka$.getPropsFromArgs(Kafka.scala:51)
	at kafka.Kafka$.main(Kafka.scala:90)
	at kafka.Kafka.main(Kafka.scala)
[2023-08-01 13:27:00,830] INFO Registered kafka:type=kafka.Log4jController MBean (kafka.utils.Log4jControllerRegistration$)
[2023-08-01 13:27:01,017] ERROR Exiting Kafka due to fatal exception (kafka.Kafka$)
java.nio.file.NoSuchFileException: config/server.properties
	at java.base/sun.nio.fs.UnixException.translateToIOException(UnixException.java:92)
	at java.base/sun.nio.fs.UnixException.rethrowAsIOException(UnixException.java:111)
	at java.base/sun.nio.fs.UnixException.rethrowAsIOException(UnixException.java:116)
	at java.base/sun.nio.fs.UnixFileSystemProvider.newByteChannel(UnixFileSystemProvider.java:219)
	at java.base/java.nio.file.Files.newByteChannel(Files.java:371)
	at java.base/java.nio.file.Files.newByteChannel(Files.java:422)
	at java.base/java.nio.file.spi.FileSystemProvider.newInputStream(FileSystemProvider.java:420)
	at java.base/java.nio.file.Files.newInputStream(Files.java:156)
	at org.apache.kafka.common.utils.Utils.loadProps(Utils.java:683)
	at kafka.Kafka$.getPropsFromArgs(Kafka.scala:51)
	at kafka.Kafka$.main(Kafka.scala:90)
	at kafka.Kafka.main(Kafka.scala)
[2023-08-01 13:27:04,826] INFO Registered kafka:type=kafka.Log4jController MBean (kafka.utils.Log4jControllerRegistration$)
[2023-08-01 13:27:05,071] ERROR Exiting Kafka due to fatal exception (kafka.Kafka$)
java.nio.file.NoSuchFileException: config/server.properties
	at java.base/sun.nio.fs.UnixException.translateToIOException(UnixException.java:92)
	at java.base/sun.nio.fs.UnixException.rethrowAsIOException(UnixException.java:111)
	at java.base/sun.nio.fs.UnixException.rethrowAsIOException(UnixException.java:116)
	at java.base/sun.nio.fs.UnixFileSystemProvider.newByteChannel(UnixFileSystemProvider.java:219)
	at java.base/java.nio.file.Files.newByteChannel(Files.java:371)
	at java.base/java.nio.file.Files.newByteChannel(Files.java:422)
	at java.base/java.nio.file.spi.FileSystemProvider.newInputStream(FileSystemProvider.java:420)
	at java.base/java.nio.file.Files.newInputStream(Files.java:156)
	at org.apache.kafka.common.utils.Utils.loadProps(Utils.java:683)
	at kafka.Kafka$.getPropsFromArgs(Kafka.scala:51)
	at kafka.Kafka$.main(Kafka.scala:90)
	at kafka.Kafka.main(Kafka.scala)
[2023-08-01 13:27:10,555] INFO Registered kafka:type=kafka.Log4jController MBean (kafka.utils.Log4jControllerRegistration$)
[2023-08-01 13:27:10,785] ERROR Exiting Kafka due to fatal exception (kafka.Kafka$)
java.nio.file.NoSuchFileException: config/server.properties
	at java.base/sun.nio.fs.UnixException.translateToIOException(UnixException.java:92)
	at java.base/sun.nio.fs.UnixException.rethrowAsIOException(UnixException.java:111)
	at java.base/sun.nio.fs.UnixException.rethrowAsIOException(UnixException.java:116)
	at java.base/sun.nio.fs.UnixFileSystemProvider.newByteChannel(UnixFileSystemProvider.java:219)
	at java.base/java.nio.file.Files.newByteChannel(Files.java:371)
	at java.base/java.nio.file.Files.newByteChannel(Files.java:422)
	at java.base/java.nio.file.spi.FileSystemProvider.newInputStream(FileSystemProvider.java:420)
	at java.base/java.nio.file.Files.newInputStream(Files.java:156)
	at org.apache.kafka.common.utils.Utils.loadProps(Utils.java:683)
	at kafka.Kafka$.getPropsFromArgs(Kafka.scala:51)
	at kafka.Kafka$.main(Kafka.scala:90)
	at kafka.Kafka.main(Kafka.scala)
[2023-08-01 13:27:19,173] INFO Registered kafka:type=kafka.Log4jController MBean (kafka.utils.Log4jControllerRegistration$)
[2023-08-01 13:27:19,391] ERROR Exiting Kafka due to fatal exception (kafka.Kafka$)
java.nio.file.NoSuchFileException: config/server.properties
	at java.base/sun.nio.fs.UnixException.translateToIOException(UnixException.java:92)
	at java.base/sun.nio.fs.UnixException.rethrowAsIOException(UnixException.java:111)
	at java.base/sun.nio.fs.UnixException.rethrowAsIOException(UnixException.java:116)
	at java.base/sun.nio.fs.UnixFileSystemProvider.newByteChannel(UnixFileSystemProvider.java:219)
	at java.base/java.nio.file.Files.newByteChannel(Files.java:371)
	at java.base/java.nio.file.Files.newByteChannel(Files.java:422)
	at java.base/java.nio.file.spi.FileSystemProvider.newInputStream(FileSystemProvider.java:420)
	at java.base/java.nio.file.Files.newInputStream(Files.java:156)
	at org.apache.kafka.common.utils.Utils.loadProps(Utils.java:683)
	at kafka.Kafka$.getPropsFromArgs(Kafka.scala:51)
	at kafka.Kafka$.main(Kafka.scala:90)
	at kafka.Kafka.main(Kafka.scala)
[2023-08-01 13:27:33,874] INFO Registered kafka:type=kafka.Log4jController MBean (kafka.utils.Log4jControllerRegistration$)
[2023-08-01 13:27:34,061] ERROR Exiting Kafka due to fatal exception (kafka.Kafka$)
java.nio.file.NoSuchFileException: config/server.properties
	at java.base/sun.nio.fs.UnixException.translateToIOException(UnixException.java:92)
	at java.base/sun.nio.fs.UnixException.rethrowAsIOException(UnixException.java:111)
	at java.base/sun.nio.fs.UnixException.rethrowAsIOException(UnixException.java:116)
	at java.base/sun.nio.fs.UnixFileSystemProvider.newByteChannel(UnixFileSystemProvider.java:219)
	at java.base/java.nio.file.Files.newByteChannel(Files.java:371)
	at java.base/java.nio.file.Files.newByteChannel(Files.java:422)
	at java.base/java.nio.file.spi.FileSystemProvider.newInputStream(FileSystemProvider.java:420)
	at java.base/java.nio.file.Files.newInputStream(Files.java:156)
	at org.apache.kafka.common.utils.Utils.loadProps(Utils.java:683)
	at kafka.Kafka$.getPropsFromArgs(Kafka.scala:51)
	at kafka.Kafka$.main(Kafka.scala:90)
	at kafka.Kafka.main(Kafka.scala)
[2023-08-01 13:28:00,987] INFO Registered kafka:type=kafka.Log4jController MBean (kafka.utils.Log4jControllerRegistration$)
[2023-08-01 13:28:01,129] ERROR Exiting Kafka due to fatal exception (kafka.Kafka$)
java.nio.file.NoSuchFileException: config/server.properties
	at java.base/sun.nio.fs.UnixException.translateToIOException(UnixException.java:92)
	at java.base/sun.nio.fs.UnixException.rethrowAsIOException(UnixException.java:111)
	at java.base/sun.nio.fs.UnixException.rethrowAsIOException(UnixException.java:116)
	at java.base/sun.nio.fs.UnixFileSystemProvider.newByteChannel(UnixFileSystemProvider.java:219)
	at java.base/java.nio.file.Files.newByteChannel(Files.java:371)
	at java.base/java.nio.file.Files.newByteChannel(Files.java:422)
	at java.base/java.nio.file.spi.FileSystemProvider.newInputStream(FileSystemProvider.java:420)
	at java.base/java.nio.file.Files.newInputStream(Files.java:156)
	at org.apache.kafka.common.utils.Utils.loadProps(Utils.java:683)
	at kafka.Kafka$.getPropsFromArgs(Kafka.scala:51)
	at kafka.Kafka$.main(Kafka.scala:90)
	at kafka.Kafka.main(Kafka.scala)
[2023-08-01 13:28:53,625] INFO Registered kafka:type=kafka.Log4jController MBean (kafka.utils.Log4jControllerRegistration$)
[2023-08-01 13:28:53,797] ERROR Exiting Kafka due to fatal exception (kafka.Kafka$)
java.nio.file.NoSuchFileException: config/server.properties
	at java.base/sun.nio.fs.UnixException.translateToIOException(UnixException.java:92)
	at java.base/sun.nio.fs.UnixException.rethrowAsIOException(UnixException.java:111)
	at java.base/sun.nio.fs.UnixException.rethrowAsIOException(UnixException.java:116)
	at java.base/sun.nio.fs.UnixFileSystemProvider.newByteChannel(UnixFileSystemProvider.java:219)
	at java.base/java.nio.file.Files.newByteChannel(Files.java:371)
	at java.base/java.nio.file.Files.newByteChannel(Files.java:422)
	at java.base/java.nio.file.spi.FileSystemProvider.newInputStream(FileSystemProvider.java:420)
	at java.base/java.nio.file.Files.newInputStream(Files.java:156)
	at org.apache.kafka.common.utils.Utils.loadProps(Utils.java:683)
	at kafka.Kafka$.getPropsFromArgs(Kafka.scala:51)
	at kafka.Kafka$.main(Kafka.scala:90)
	at kafka.Kafka.main(Kafka.scala)
[2023-08-01 13:29:55,028] INFO Registered kafka:type=kafka.Log4jController MBean (kafka.utils.Log4jControllerRegistration$)
[2023-08-01 13:29:55,166] ERROR Exiting Kafka due to fatal exception (kafka.Kafka$)
java.nio.file.NoSuchFileException: config/server.properties
	at java.base/sun.nio.fs.UnixException.translateToIOException(UnixException.java:92)
	at java.base/sun.nio.fs.UnixException.rethrowAsIOException(UnixException.java:111)
	at java.base/sun.nio.fs.UnixException.rethrowAsIOException(UnixException.java:116)
	at java.base/sun.nio.fs.UnixFileSystemProvider.newByteChannel(UnixFileSystemProvider.java:219)
	at java.base/java.nio.file.Files.newByteChannel(Files.java:371)
	at java.base/java.nio.file.Files.newByteChannel(Files.java:422)
	at java.base/java.nio.file.spi.FileSystemProvider.newInputStream(FileSystemProvider.java:420)
	at java.base/java.nio.file.Files.newInputStream(Files.java:156)
	at org.apache.kafka.common.utils.Utils.loadProps(Utils.java:683)
	at kafka.Kafka$.getPropsFromArgs(Kafka.scala:51)
	at kafka.Kafka$.main(Kafka.scala:90)
	at kafka.Kafka.main(Kafka.scala)
[2023-08-01 13:30:56,403] INFO Registered kafka:type=kafka.Log4jController MBean (kafka.utils.Log4jControllerRegistration$)
[2023-08-01 13:30:56,534] ERROR Exiting Kafka due to fatal exception (kafka.Kafka$)
java.nio.file.NoSuchFileException: config/server.properties
	at java.base/sun.nio.fs.UnixException.translateToIOException(UnixException.java:92)
	at java.base/sun.nio.fs.UnixException.rethrowAsIOException(UnixException.java:111)
	at java.base/sun.nio.fs.UnixException.rethrowAsIOException(UnixException.java:116)
	at java.base/sun.nio.fs.UnixFileSystemProvider.newByteChannel(UnixFileSystemProvider.java:219)
	at java.base/java.nio.file.Files.newByteChannel(Files.java:371)
	at java.base/java.nio.file.Files.newByteChannel(Files.java:422)
	at java.base/java.nio.file.spi.FileSystemProvider.newInputStream(FileSystemProvider.java:420)
	at java.base/java.nio.file.Files.newInputStream(Files.java:156)
	at org.apache.kafka.common.utils.Utils.loadProps(Utils.java:683)
	at kafka.Kafka$.getPropsFromArgs(Kafka.scala:51)
	at kafka.Kafka$.main(Kafka.scala:90)
	at kafka.Kafka.main(Kafka.scala)
[2023-08-01 13:31:57,791] INFO Registered kafka:type=kafka.Log4jController MBean (kafka.utils.Log4jControllerRegistration$)
[2023-08-01 13:31:57,924] ERROR Exiting Kafka due to fatal exception (kafka.Kafka$)
java.nio.file.NoSuchFileException: config/server.properties
	at java.base/sun.nio.fs.UnixException.translateToIOException(UnixException.java:92)
	at java.base/sun.nio.fs.UnixException.rethrowAsIOException(UnixException.java:111)
	at java.base/sun.nio.fs.UnixException.rethrowAsIOException(UnixException.java:116)
	at java.base/sun.nio.fs.UnixFileSystemProvider.newByteChannel(UnixFileSystemProvider.java:219)
	at java.base/java.nio.file.Files.newByteChannel(Files.java:371)
	at java.base/java.nio.file.Files.newByteChannel(Files.java:422)
	at java.base/java.nio.file.spi.FileSystemProvider.newInputStream(FileSystemProvider.java:420)
	at java.base/java.nio.file.Files.newInputStream(Files.java:156)
	at org.apache.kafka.common.utils.Utils.loadProps(Utils.java:683)
	at kafka.Kafka$.getPropsFromArgs(Kafka.scala:51)
	at kafka.Kafka$.main(Kafka.scala:90)
	at kafka.Kafka.main(Kafka.scala)
[2023-08-01 13:32:59,241] INFO Registered kafka:type=kafka.Log4jController MBean (kafka.utils.Log4jControllerRegistration$)
[2023-08-01 13:32:59,378] ERROR Exiting Kafka due to fatal exception (kafka.Kafka$)
java.nio.file.NoSuchFileException: config/server.properties
	at java.base/sun.nio.fs.UnixException.translateToIOException(UnixException.java:92)
	at java.base/sun.nio.fs.UnixException.rethrowAsIOException(UnixException.java:111)
	at java.base/sun.nio.fs.UnixException.rethrowAsIOException(UnixException.java:116)
	at java.base/sun.nio.fs.UnixFileSystemProvider.newByteChannel(UnixFileSystemProvider.java:219)
	at java.base/java.nio.file.Files.newByteChannel(Files.java:371)
	at java.base/java.nio.file.Files.newByteChannel(Files.java:422)
	at java.base/java.nio.file.spi.FileSystemProvider.newInputStream(FileSystemProvider.java:420)
	at java.base/java.nio.file.Files.newInputStream(Files.java:156)
	at org.apache.kafka.common.utils.Utils.loadProps(Utils.java:683)
	at kafka.Kafka$.getPropsFromArgs(Kafka.scala:51)
	at kafka.Kafka$.main(Kafka.scala:90)
	at kafka.Kafka.main(Kafka.scala)
[2023-08-01 13:34:00,638] INFO Registered kafka:type=kafka.Log4jController MBean (kafka.utils.Log4jControllerRegistration$)
[2023-08-01 13:34:00,775] ERROR Exiting Kafka due to fatal exception (kafka.Kafka$)
java.nio.file.NoSuchFileException: config/server.properties
	at java.base/sun.nio.fs.UnixException.translateToIOException(UnixException.java:92)
	at java.base/sun.nio.fs.UnixException.rethrowAsIOException(UnixException.java:111)
	at java.base/sun.nio.fs.UnixException.rethrowAsIOException(UnixException.java:116)
	at java.base/sun.nio.fs.UnixFileSystemProvider.newByteChannel(UnixFileSystemProvider.java:219)
	at java.base/java.nio.file.Files.newByteChannel(Files.java:371)
	at java.base/java.nio.file.Files.newByteChannel(Files.java:422)
	at java.base/java.nio.file.spi.FileSystemProvider.newInputStream(FileSystemProvider.java:420)
	at java.base/java.nio.file.Files.newInputStream(Files.java:156)
	at org.apache.kafka.common.utils.Utils.loadProps(Utils.java:683)
	at kafka.Kafka$.getPropsFromArgs(Kafka.scala:51)
	at kafka.Kafka$.main(Kafka.scala:90)
	at kafka.Kafka.main(Kafka.scala)
[2023-08-01 13:35:02,068] INFO Registered kafka:type=kafka.Log4jController MBean (kafka.utils.Log4jControllerRegistration$)
[2023-08-01 13:35:02,228] ERROR Exiting Kafka due to fatal exception (kafka.Kafka$)
java.nio.file.NoSuchFileException: config/server.properties
	at java.base/sun.nio.fs.UnixException.translateToIOException(UnixException.java:92)
	at java.base/sun.nio.fs.UnixException.rethrowAsIOException(UnixException.java:111)
	at java.base/sun.nio.fs.UnixException.rethrowAsIOException(UnixException.java:116)
	at java.base/sun.nio.fs.UnixFileSystemProvider.newByteChannel(UnixFileSystemProvider.java:219)
	at java.base/java.nio.file.Files.newByteChannel(Files.java:371)
	at java.base/java.nio.file.Files.newByteChannel(Files.java:422)
	at java.base/java.nio.file.spi.FileSystemProvider.newInputStream(FileSystemProvider.java:420)
	at java.base/java.nio.file.Files.newInputStream(Files.java:156)
	at org.apache.kafka.common.utils.Utils.loadProps(Utils.java:683)
	at kafka.Kafka$.getPropsFromArgs(Kafka.scala:51)
	at kafka.Kafka$.main(Kafka.scala:90)
	at kafka.Kafka.main(Kafka.scala)
[2023-08-01 13:36:03,514] INFO Registered kafka:type=kafka.Log4jController MBean (kafka.utils.Log4jControllerRegistration$)
[2023-08-01 13:36:03,664] ERROR Exiting Kafka due to fatal exception (kafka.Kafka$)
java.nio.file.NoSuchFileException: config/server.properties
	at java.base/sun.nio.fs.UnixException.translateToIOException(UnixException.java:92)
	at java.base/sun.nio.fs.UnixException.rethrowAsIOException(UnixException.java:111)
	at java.base/sun.nio.fs.UnixException.rethrowAsIOException(UnixException.java:116)
	at java.base/sun.nio.fs.UnixFileSystemProvider.newByteChannel(UnixFileSystemProvider.java:219)
	at java.base/java.nio.file.Files.newByteChannel(Files.java:371)
	at java.base/java.nio.file.Files.newByteChannel(Files.java:422)
	at java.base/java.nio.file.spi.FileSystemProvider.newInputStream(FileSystemProvider.java:420)
	at java.base/java.nio.file.Files.newInputStream(Files.java:156)
	at org.apache.kafka.common.utils.Utils.loadProps(Utils.java:683)
	at kafka.Kafka$.getPropsFromArgs(Kafka.scala:51)
	at kafka.Kafka$.main(Kafka.scala:90)
	at kafka.Kafka.main(Kafka.scala)
[2023-08-01 13:36:31,333] INFO Registered kafka:type=kafka.Log4jController MBean (kafka.utils.Log4jControllerRegistration$)
[2023-08-01 13:36:31,506] ERROR Exiting Kafka due to fatal exception (kafka.Kafka$)
java.nio.file.NoSuchFileException: config/server.properties
	at java.base/sun.nio.fs.UnixException.translateToIOException(UnixException.java:92)
	at java.base/sun.nio.fs.UnixException.rethrowAsIOException(UnixException.java:111)
	at java.base/sun.nio.fs.UnixException.rethrowAsIOException(UnixException.java:116)
	at java.base/sun.nio.fs.UnixFileSystemProvider.newByteChannel(UnixFileSystemProvider.java:219)
	at java.base/java.nio.file.Files.newByteChannel(Files.java:371)
	at java.base/java.nio.file.Files.newByteChannel(Files.java:422)
	at java.base/java.nio.file.spi.FileSystemProvider.newInputStream(FileSystemProvider.java:420)
	at java.base/java.nio.file.Files.newInputStream(Files.java:156)
	at org.apache.kafka.common.utils.Utils.loadProps(Utils.java:683)
	at kafka.Kafka$.getPropsFromArgs(Kafka.scala:51)
	at kafka.Kafka$.main(Kafka.scala:90)
	at kafka.Kafka.main(Kafka.scala)
[2023-08-01 13:36:32,980] INFO Registered kafka:type=kafka.Log4jController MBean (kafka.utils.Log4jControllerRegistration$)
[2023-08-01 13:36:33,135] ERROR Exiting Kafka due to fatal exception (kafka.Kafka$)
java.nio.file.NoSuchFileException: config/server.properties
	at java.base/sun.nio.fs.UnixException.translateToIOException(UnixException.java:92)
	at java.base/sun.nio.fs.UnixException.rethrowAsIOException(UnixException.java:111)
	at java.base/sun.nio.fs.UnixException.rethrowAsIOException(UnixException.java:116)
	at java.base/sun.nio.fs.UnixFileSystemProvider.newByteChannel(UnixFileSystemProvider.java:219)
	at java.base/java.nio.file.Files.newByteChannel(Files.java:371)
	at java.base/java.nio.file.Files.newByteChannel(Files.java:422)
	at java.base/java.nio.file.spi.FileSystemProvider.newInputStream(FileSystemProvider.java:420)
	at java.base/java.nio.file.Files.newInputStream(Files.java:156)
	at org.apache.kafka.common.utils.Utils.loadProps(Utils.java:683)
	at kafka.Kafka$.getPropsFromArgs(Kafka.scala:51)
	at kafka.Kafka$.main(Kafka.scala:90)
	at kafka.Kafka.main(Kafka.scala)
[2023-08-01 13:36:34,675] INFO Registered kafka:type=kafka.Log4jController MBean (kafka.utils.Log4jControllerRegistration$)
[2023-08-01 13:36:34,830] ERROR Exiting Kafka due to fatal exception (kafka.Kafka$)
java.nio.file.NoSuchFileException: config/server.properties
	at java.base/sun.nio.fs.UnixException.translateToIOException(UnixException.java:92)
	at java.base/sun.nio.fs.UnixException.rethrowAsIOException(UnixException.java:111)
	at java.base/sun.nio.fs.UnixException.rethrowAsIOException(UnixException.java:116)
	at java.base/sun.nio.fs.UnixFileSystemProvider.newByteChannel(UnixFileSystemProvider.java:219)
	at java.base/java.nio.file.Files.newByteChannel(Files.java:371)
	at java.base/java.nio.file.Files.newByteChannel(Files.java:422)
	at java.base/java.nio.file.spi.FileSystemProvider.newInputStream(FileSystemProvider.java:420)
	at java.base/java.nio.file.Files.newInputStream(Files.java:156)
	at org.apache.kafka.common.utils.Utils.loadProps(Utils.java:683)
	at kafka.Kafka$.getPropsFromArgs(Kafka.scala:51)
	at kafka.Kafka$.main(Kafka.scala:90)
	at kafka.Kafka.main(Kafka.scala)
[2023-08-01 13:36:36,494] INFO Registered kafka:type=kafka.Log4jController MBean (kafka.utils.Log4jControllerRegistration$)
[2023-08-01 13:36:36,629] ERROR Exiting Kafka due to fatal exception (kafka.Kafka$)
java.nio.file.NoSuchFileException: config/server.properties
	at java.base/sun.nio.fs.UnixException.translateToIOException(UnixException.java:92)
	at java.base/sun.nio.fs.UnixException.rethrowAsIOException(UnixException.java:111)
	at java.base/sun.nio.fs.UnixException.rethrowAsIOException(UnixException.java:116)
	at java.base/sun.nio.fs.UnixFileSystemProvider.newByteChannel(UnixFileSystemProvider.java:219)
	at java.base/java.nio.file.Files.newByteChannel(Files.java:371)
	at java.base/java.nio.file.Files.newByteChannel(Files.java:422)
	at java.base/java.nio.file.spi.FileSystemProvider.newInputStream(FileSystemProvider.java:420)
	at java.base/java.nio.file.Files.newInputStream(Files.java:156)
	at org.apache.kafka.common.utils.Utils.loadProps(Utils.java:683)
	at kafka.Kafka$.getPropsFromArgs(Kafka.scala:51)
	at kafka.Kafka$.main(Kafka.scala:90)
	at kafka.Kafka.main(Kafka.scala)
[2023-08-01 13:36:38,724] INFO Registered kafka:type=kafka.Log4jController MBean (kafka.utils.Log4jControllerRegistration$)
[2023-08-01 13:36:38,863] ERROR Exiting Kafka due to fatal exception (kafka.Kafka$)
java.nio.file.NoSuchFileException: config/server.properties
	at java.base/sun.nio.fs.UnixException.translateToIOException(UnixException.java:92)
	at java.base/sun.nio.fs.UnixException.rethrowAsIOException(UnixException.java:111)
	at java.base/sun.nio.fs.UnixException.rethrowAsIOException(UnixException.java:116)
	at java.base/sun.nio.fs.UnixFileSystemProvider.newByteChannel(UnixFileSystemProvider.java:219)
	at java.base/java.nio.file.Files.newByteChannel(Files.java:371)
	at java.base/java.nio.file.Files.newByteChannel(Files.java:422)
	at java.base/java.nio.file.spi.FileSystemProvider.newInputStream(FileSystemProvider.java:420)
	at java.base/java.nio.file.Files.newInputStream(Files.java:156)
	at org.apache.kafka.common.utils.Utils.loadProps(Utils.java:683)
	at kafka.Kafka$.getPropsFromArgs(Kafka.scala:51)
	at kafka.Kafka$.main(Kafka.scala:90)
	at kafka.Kafka.main(Kafka.scala)
[2023-08-01 13:36:41,747] INFO Registered kafka:type=kafka.Log4jController MBean (kafka.utils.Log4jControllerRegistration$)
[2023-08-01 13:36:41,883] ERROR Exiting Kafka due to fatal exception (kafka.Kafka$)
java.nio.file.NoSuchFileException: config/server.properties
	at java.base/sun.nio.fs.UnixException.translateToIOException(UnixException.java:92)
	at java.base/sun.nio.fs.UnixException.rethrowAsIOException(UnixException.java:111)
	at java.base/sun.nio.fs.UnixException.rethrowAsIOException(UnixException.java:116)
	at java.base/sun.nio.fs.UnixFileSystemProvider.newByteChannel(UnixFileSystemProvider.java:219)
	at java.base/java.nio.file.Files.newByteChannel(Files.java:371)
	at java.base/java.nio.file.Files.newByteChannel(Files.java:422)
	at java.base/java.nio.file.spi.FileSystemProvider.newInputStream(FileSystemProvider.java:420)
	at java.base/java.nio.file.Files.newInputStream(Files.java:156)
	at org.apache.kafka.common.utils.Utils.loadProps(Utils.java:683)
	at kafka.Kafka$.getPropsFromArgs(Kafka.scala:51)
	at kafka.Kafka$.main(Kafka.scala:90)
	at kafka.Kafka.main(Kafka.scala)
[2023-08-01 13:36:46,336] INFO Registered kafka:type=kafka.Log4jController MBean (kafka.utils.Log4jControllerRegistration$)
[2023-08-01 13:36:46,475] ERROR Exiting Kafka due to fatal exception (kafka.Kafka$)
java.nio.file.NoSuchFileException: config/server.properties
	at java.base/sun.nio.fs.UnixException.translateToIOException(UnixException.java:92)
	at java.base/sun.nio.fs.UnixException.rethrowAsIOException(UnixException.java:111)
	at java.base/sun.nio.fs.UnixException.rethrowAsIOException(UnixException.java:116)
	at java.base/sun.nio.fs.UnixFileSystemProvider.newByteChannel(UnixFileSystemProvider.java:219)
	at java.base/java.nio.file.Files.newByteChannel(Files.java:371)
	at java.base/java.nio.file.Files.newByteChannel(Files.java:422)
	at java.base/java.nio.file.spi.FileSystemProvider.newInputStream(FileSystemProvider.java:420)
	at java.base/java.nio.file.Files.newInputStream(Files.java:156)
	at org.apache.kafka.common.utils.Utils.loadProps(Utils.java:683)
	at kafka.Kafka$.getPropsFromArgs(Kafka.scala:51)
	at kafka.Kafka$.main(Kafka.scala:90)
	at kafka.Kafka.main(Kafka.scala)
[2023-08-01 13:36:54,159] INFO Registered kafka:type=kafka.Log4jController MBean (kafka.utils.Log4jControllerRegistration$)
[2023-08-01 13:36:54,298] ERROR Exiting Kafka due to fatal exception (kafka.Kafka$)
java.nio.file.NoSuchFileException: config/server.properties
	at java.base/sun.nio.fs.UnixException.translateToIOException(UnixException.java:92)
	at java.base/sun.nio.fs.UnixException.rethrowAsIOException(UnixException.java:111)
	at java.base/sun.nio.fs.UnixException.rethrowAsIOException(UnixException.java:116)
	at java.base/sun.nio.fs.UnixFileSystemProvider.newByteChannel(UnixFileSystemProvider.java:219)
	at java.base/java.nio.file.Files.newByteChannel(Files.java:371)
	at java.base/java.nio.file.Files.newByteChannel(Files.java:422)
	at java.base/java.nio.file.spi.FileSystemProvider.newInputStream(FileSystemProvider.java:420)
	at java.base/java.nio.file.Files.newInputStream(Files.java:156)
	at org.apache.kafka.common.utils.Utils.loadProps(Utils.java:683)
	at kafka.Kafka$.getPropsFromArgs(Kafka.scala:51)
	at kafka.Kafka$.main(Kafka.scala:90)
	at kafka.Kafka.main(Kafka.scala)
[2023-08-01 13:37:08,399] INFO Registered kafka:type=kafka.Log4jController MBean (kafka.utils.Log4jControllerRegistration$)
[2023-08-01 13:37:08,544] ERROR Exiting Kafka due to fatal exception (kafka.Kafka$)
java.nio.file.NoSuchFileException: config/server.properties
	at java.base/sun.nio.fs.UnixException.translateToIOException(UnixException.java:92)
	at java.base/sun.nio.fs.UnixException.rethrowAsIOException(UnixException.java:111)
	at java.base/sun.nio.fs.UnixException.rethrowAsIOException(UnixException.java:116)
	at java.base/sun.nio.fs.UnixFileSystemProvider.newByteChannel(UnixFileSystemProvider.java:219)
	at java.base/java.nio.file.Files.newByteChannel(Files.java:371)
	at java.base/java.nio.file.Files.newByteChannel(Files.java:422)
	at java.base/java.nio.file.spi.FileSystemProvider.newInputStream(FileSystemProvider.java:420)
	at java.base/java.nio.file.Files.newInputStream(Files.java:156)
	at org.apache.kafka.common.utils.Utils.loadProps(Utils.java:683)
	at kafka.Kafka$.getPropsFromArgs(Kafka.scala:51)
	at kafka.Kafka$.main(Kafka.scala:90)
	at kafka.Kafka.main(Kafka.scala)
[2023-08-01 13:37:35,401] INFO Registered kafka:type=kafka.Log4jController MBean (kafka.utils.Log4jControllerRegistration$)
[2023-08-01 13:37:35,538] ERROR Exiting Kafka due to fatal exception (kafka.Kafka$)
java.nio.file.NoSuchFileException: config/server.properties
	at java.base/sun.nio.fs.UnixException.translateToIOException(UnixException.java:92)
	at java.base/sun.nio.fs.UnixException.rethrowAsIOException(UnixException.java:111)
	at java.base/sun.nio.fs.UnixException.rethrowAsIOException(UnixException.java:116)
	at java.base/sun.nio.fs.UnixFileSystemProvider.newByteChannel(UnixFileSystemProvider.java:219)
	at java.base/java.nio.file.Files.newByteChannel(Files.java:371)
	at java.base/java.nio.file.Files.newByteChannel(Files.java:422)
	at java.base/java.nio.file.spi.FileSystemProvider.newInputStream(FileSystemProvider.java:420)
	at java.base/java.nio.file.Files.newInputStream(Files.java:156)
	at org.apache.kafka.common.utils.Utils.loadProps(Utils.java:683)
	at kafka.Kafka$.getPropsFromArgs(Kafka.scala:51)
	at kafka.Kafka$.main(Kafka.scala:90)
	at kafka.Kafka.main(Kafka.scala)
[2023-08-01 13:38:28,060] INFO Registered kafka:type=kafka.Log4jController MBean (kafka.utils.Log4jControllerRegistration$)
[2023-08-01 13:38:28,194] ERROR Exiting Kafka due to fatal exception (kafka.Kafka$)
java.nio.file.NoSuchFileException: config/server.properties
	at java.base/sun.nio.fs.UnixException.translateToIOException(UnixException.java:92)
	at java.base/sun.nio.fs.UnixException.rethrowAsIOException(UnixException.java:111)
	at java.base/sun.nio.fs.UnixException.rethrowAsIOException(UnixException.java:116)
	at java.base/sun.nio.fs.UnixFileSystemProvider.newByteChannel(UnixFileSystemProvider.java:219)
	at java.base/java.nio.file.Files.newByteChannel(Files.java:371)
	at java.base/java.nio.file.Files.newByteChannel(Files.java:422)
	at java.base/java.nio.file.spi.FileSystemProvider.newInputStream(FileSystemProvider.java:420)
	at java.base/java.nio.file.Files.newInputStream(Files.java:156)
	at org.apache.kafka.common.utils.Utils.loadProps(Utils.java:683)
	at kafka.Kafka$.getPropsFromArgs(Kafka.scala:51)
	at kafka.Kafka$.main(Kafka.scala:90)
	at kafka.Kafka.main(Kafka.scala)
[2023-08-01 13:39:29,536] INFO Registered kafka:type=kafka.Log4jController MBean (kafka.utils.Log4jControllerRegistration$)
[2023-08-01 13:39:29,671] ERROR Exiting Kafka due to fatal exception (kafka.Kafka$)
java.nio.file.NoSuchFileException: config/server.properties
	at java.base/sun.nio.fs.UnixException.translateToIOException(UnixException.java:92)
	at java.base/sun.nio.fs.UnixException.rethrowAsIOException(UnixException.java:111)
	at java.base/sun.nio.fs.UnixException.rethrowAsIOException(UnixException.java:116)
	at java.base/sun.nio.fs.UnixFileSystemProvider.newByteChannel(UnixFileSystemProvider.java:219)
	at java.base/java.nio.file.Files.newByteChannel(Files.java:371)
	at java.base/java.nio.file.Files.newByteChannel(Files.java:422)
	at java.base/java.nio.file.spi.FileSystemProvider.newInputStream(FileSystemProvider.java:420)
	at java.base/java.nio.file.Files.newInputStream(Files.java:156)
	at org.apache.kafka.common.utils.Utils.loadProps(Utils.java:683)
	at kafka.Kafka$.getPropsFromArgs(Kafka.scala:51)
	at kafka.Kafka$.main(Kafka.scala:90)
	at kafka.Kafka.main(Kafka.scala)
[2023-08-01 13:40:30,901] INFO Registered kafka:type=kafka.Log4jController MBean (kafka.utils.Log4jControllerRegistration$)
[2023-08-01 13:40:31,038] ERROR Exiting Kafka due to fatal exception (kafka.Kafka$)
java.nio.file.NoSuchFileException: config/server.properties
	at java.base/sun.nio.fs.UnixException.translateToIOException(UnixException.java:92)
	at java.base/sun.nio.fs.UnixException.rethrowAsIOException(UnixException.java:111)
	at java.base/sun.nio.fs.UnixException.rethrowAsIOException(UnixException.java:116)
	at java.base/sun.nio.fs.UnixFileSystemProvider.newByteChannel(UnixFileSystemProvider.java:219)
	at java.base/java.nio.file.Files.newByteChannel(Files.java:371)
	at java.base/java.nio.file.Files.newByteChannel(Files.java:422)
	at java.base/java.nio.file.spi.FileSystemProvider.newInputStream(FileSystemProvider.java:420)
	at java.base/java.nio.file.Files.newInputStream(Files.java:156)
	at org.apache.kafka.common.utils.Utils.loadProps(Utils.java:683)
	at kafka.Kafka$.getPropsFromArgs(Kafka.scala:51)
	at kafka.Kafka$.main(Kafka.scala:90)
	at kafka.Kafka.main(Kafka.scala)
[2023-08-01 13:41:32,276] INFO Registered kafka:type=kafka.Log4jController MBean (kafka.utils.Log4jControllerRegistration$)
[2023-08-01 13:41:32,412] ERROR Exiting Kafka due to fatal exception (kafka.Kafka$)
java.nio.file.NoSuchFileException: config/server.properties
	at java.base/sun.nio.fs.UnixException.translateToIOException(UnixException.java:92)
	at java.base/sun.nio.fs.UnixException.rethrowAsIOException(UnixException.java:111)
	at java.base/sun.nio.fs.UnixException.rethrowAsIOException(UnixException.java:116)
	at java.base/sun.nio.fs.UnixFileSystemProvider.newByteChannel(UnixFileSystemProvider.java:219)
	at java.base/java.nio.file.Files.newByteChannel(Files.java:371)
	at java.base/java.nio.file.Files.newByteChannel(Files.java:422)
	at java.base/java.nio.file.spi.FileSystemProvider.newInputStream(FileSystemProvider.java:420)
	at java.base/java.nio.file.Files.newInputStream(Files.java:156)
	at org.apache.kafka.common.utils.Utils.loadProps(Utils.java:683)
	at kafka.Kafka$.getPropsFromArgs(Kafka.scala:51)
	at kafka.Kafka$.main(Kafka.scala:90)
	at kafka.Kafka.main(Kafka.scala)
[2023-08-01 13:42:33,653] INFO Registered kafka:type=kafka.Log4jController MBean (kafka.utils.Log4jControllerRegistration$)
[2023-08-01 13:42:33,788] ERROR Exiting Kafka due to fatal exception (kafka.Kafka$)
java.nio.file.NoSuchFileException: config/server.properties
	at java.base/sun.nio.fs.UnixException.translateToIOException(UnixException.java:92)
	at java.base/sun.nio.fs.UnixException.rethrowAsIOException(UnixException.java:111)
	at java.base/sun.nio.fs.UnixException.rethrowAsIOException(UnixException.java:116)
	at java.base/sun.nio.fs.UnixFileSystemProvider.newByteChannel(UnixFileSystemProvider.java:219)
	at java.base/java.nio.file.Files.newByteChannel(Files.java:371)
	at java.base/java.nio.file.Files.newByteChannel(Files.java:422)
	at java.base/java.nio.file.spi.FileSystemProvider.newInputStream(FileSystemProvider.java:420)
	at java.base/java.nio.file.Files.newInputStream(Files.java:156)
	at org.apache.kafka.common.utils.Utils.loadProps(Utils.java:683)
	at kafka.Kafka$.getPropsFromArgs(Kafka.scala:51)
	at kafka.Kafka$.main(Kafka.scala:90)
	at kafka.Kafka.main(Kafka.scala)
[2023-08-01 13:43:35,092] INFO Registered kafka:type=kafka.Log4jController MBean (kafka.utils.Log4jControllerRegistration$)
[2023-08-01 13:43:35,233] ERROR Exiting Kafka due to fatal exception (kafka.Kafka$)
java.nio.file.NoSuchFileException: config/server.properties
	at java.base/sun.nio.fs.UnixException.translateToIOException(UnixException.java:92)
	at java.base/sun.nio.fs.UnixException.rethrowAsIOException(UnixException.java:111)
	at java.base/sun.nio.fs.UnixException.rethrowAsIOException(UnixException.java:116)
	at java.base/sun.nio.fs.UnixFileSystemProvider.newByteChannel(UnixFileSystemProvider.java:219)
	at java.base/java.nio.file.Files.newByteChannel(Files.java:371)
	at java.base/java.nio.file.Files.newByteChannel(Files.java:422)
	at java.base/java.nio.file.spi.FileSystemProvider.newInputStream(FileSystemProvider.java:420)
	at java.base/java.nio.file.Files.newInputStream(Files.java:156)
	at org.apache.kafka.common.utils.Utils.loadProps(Utils.java:683)
	at kafka.Kafka$.getPropsFromArgs(Kafka.scala:51)
	at kafka.Kafka$.main(Kafka.scala:90)
	at kafka.Kafka.main(Kafka.scala)
[2023-08-01 13:44:36,532] INFO Registered kafka:type=kafka.Log4jController MBean (kafka.utils.Log4jControllerRegistration$)
[2023-08-01 13:44:36,673] ERROR Exiting Kafka due to fatal exception (kafka.Kafka$)
java.nio.file.NoSuchFileException: config/server.properties
	at java.base/sun.nio.fs.UnixException.translateToIOException(UnixException.java:92)
	at java.base/sun.nio.fs.UnixException.rethrowAsIOException(UnixException.java:111)
	at java.base/sun.nio.fs.UnixException.rethrowAsIOException(UnixException.java:116)
	at java.base/sun.nio.fs.UnixFileSystemProvider.newByteChannel(UnixFileSystemProvider.java:219)
	at java.base/java.nio.file.Files.newByteChannel(Files.java:371)
	at java.base/java.nio.file.Files.newByteChannel(Files.java:422)
	at java.base/java.nio.file.spi.FileSystemProvider.newInputStream(FileSystemProvider.java:420)
	at java.base/java.nio.file.Files.newInputStream(Files.java:156)
	at org.apache.kafka.common.utils.Utils.loadProps(Utils.java:683)
	at kafka.Kafka$.getPropsFromArgs(Kafka.scala:51)
	at kafka.Kafka$.main(Kafka.scala:90)
	at kafka.Kafka.main(Kafka.scala)
[2023-08-01 13:45:30,418] INFO Registered kafka:type=kafka.Log4jController MBean (kafka.utils.Log4jControllerRegistration$)
[2023-08-01 13:45:30,592] ERROR Exiting Kafka due to fatal exception (kafka.Kafka$)
java.nio.file.NoSuchFileException: config/server.properties
	at java.base/sun.nio.fs.UnixException.translateToIOException(UnixException.java:92)
	at java.base/sun.nio.fs.UnixException.rethrowAsIOException(UnixException.java:111)
	at java.base/sun.nio.fs.UnixException.rethrowAsIOException(UnixException.java:116)
	at java.base/sun.nio.fs.UnixFileSystemProvider.newByteChannel(UnixFileSystemProvider.java:219)
	at java.base/java.nio.file.Files.newByteChannel(Files.java:371)
	at java.base/java.nio.file.Files.newByteChannel(Files.java:422)
	at java.base/java.nio.file.spi.FileSystemProvider.newInputStream(FileSystemProvider.java:420)
	at java.base/java.nio.file.Files.newInputStream(Files.java:156)
	at org.apache.kafka.common.utils.Utils.loadProps(Utils.java:683)
	at kafka.Kafka$.getPropsFromArgs(Kafka.scala:51)
	at kafka.Kafka$.main(Kafka.scala:90)
	at kafka.Kafka.main(Kafka.scala)
[2023-08-01 13:45:32,092] INFO Registered kafka:type=kafka.Log4jController MBean (kafka.utils.Log4jControllerRegistration$)
[2023-08-01 13:45:32,246] ERROR Exiting Kafka due to fatal exception (kafka.Kafka$)
java.nio.file.NoSuchFileException: config/server.properties
	at java.base/sun.nio.fs.UnixException.translateToIOException(UnixException.java:92)
	at java.base/sun.nio.fs.UnixException.rethrowAsIOException(UnixException.java:111)
	at java.base/sun.nio.fs.UnixException.rethrowAsIOException(UnixException.java:116)
	at java.base/sun.nio.fs.UnixFileSystemProvider.newByteChannel(UnixFileSystemProvider.java:219)
	at java.base/java.nio.file.Files.newByteChannel(Files.java:371)
	at java.base/java.nio.file.Files.newByteChannel(Files.java:422)
	at java.base/java.nio.file.spi.FileSystemProvider.newInputStream(FileSystemProvider.java:420)
	at java.base/java.nio.file.Files.newInputStream(Files.java:156)
	at org.apache.kafka.common.utils.Utils.loadProps(Utils.java:683)
	at kafka.Kafka$.getPropsFromArgs(Kafka.scala:51)
	at kafka.Kafka$.main(Kafka.scala:90)
	at kafka.Kafka.main(Kafka.scala)
[2023-08-01 13:45:33,735] INFO Registered kafka:type=kafka.Log4jController MBean (kafka.utils.Log4jControllerRegistration$)
[2023-08-01 13:45:33,887] ERROR Exiting Kafka due to fatal exception (kafka.Kafka$)
java.nio.file.NoSuchFileException: config/server.properties
	at java.base/sun.nio.fs.UnixException.translateToIOException(UnixException.java:92)
	at java.base/sun.nio.fs.UnixException.rethrowAsIOException(UnixException.java:111)
	at java.base/sun.nio.fs.UnixException.rethrowAsIOException(UnixException.java:116)
	at java.base/sun.nio.fs.UnixFileSystemProvider.newByteChannel(UnixFileSystemProvider.java:219)
	at java.base/java.nio.file.Files.newByteChannel(Files.java:371)
	at java.base/java.nio.file.Files.newByteChannel(Files.java:422)
	at java.base/java.nio.file.spi.FileSystemProvider.newInputStream(FileSystemProvider.java:420)
	at java.base/java.nio.file.Files.newInputStream(Files.java:156)
	at org.apache.kafka.common.utils.Utils.loadProps(Utils.java:683)
	at kafka.Kafka$.getPropsFromArgs(Kafka.scala:51)
	at kafka.Kafka$.main(Kafka.scala:90)
	at kafka.Kafka.main(Kafka.scala)
[2023-08-01 13:45:35,608] INFO Registered kafka:type=kafka.Log4jController MBean (kafka.utils.Log4jControllerRegistration$)
[2023-08-01 13:45:35,752] ERROR Exiting Kafka due to fatal exception (kafka.Kafka$)
java.nio.file.NoSuchFileException: config/server.properties
	at java.base/sun.nio.fs.UnixException.translateToIOException(UnixException.java:92)
	at java.base/sun.nio.fs.UnixException.rethrowAsIOException(UnixException.java:111)
	at java.base/sun.nio.fs.UnixException.rethrowAsIOException(UnixException.java:116)
	at java.base/sun.nio.fs.UnixFileSystemProvider.newByteChannel(UnixFileSystemProvider.java:219)
	at java.base/java.nio.file.Files.newByteChannel(Files.java:371)
	at java.base/java.nio.file.Files.newByteChannel(Files.java:422)
	at java.base/java.nio.file.spi.FileSystemProvider.newInputStream(FileSystemProvider.java:420)
	at java.base/java.nio.file.Files.newInputStream(Files.java:156)
	at org.apache.kafka.common.utils.Utils.loadProps(Utils.java:683)
	at kafka.Kafka$.getPropsFromArgs(Kafka.scala:51)
	at kafka.Kafka$.main(Kafka.scala:90)
	at kafka.Kafka.main(Kafka.scala)
[2023-08-01 13:45:37,910] INFO Registered kafka:type=kafka.Log4jController MBean (kafka.utils.Log4jControllerRegistration$)
[2023-08-01 13:45:38,056] ERROR Exiting Kafka due to fatal exception (kafka.Kafka$)
java.nio.file.NoSuchFileException: config/server.properties
	at java.base/sun.nio.fs.UnixException.translateToIOException(UnixException.java:92)
	at java.base/sun.nio.fs.UnixException.rethrowAsIOException(UnixException.java:111)
	at java.base/sun.nio.fs.UnixException.rethrowAsIOException(UnixException.java:116)
	at java.base/sun.nio.fs.UnixFileSystemProvider.newByteChannel(UnixFileSystemProvider.java:219)
	at java.base/java.nio.file.Files.newByteChannel(Files.java:371)
	at java.base/java.nio.file.Files.newByteChannel(Files.java:422)
	at java.base/java.nio.file.spi.FileSystemProvider.newInputStream(FileSystemProvider.java:420)
	at java.base/java.nio.file.Files.newInputStream(Files.java:156)
	at org.apache.kafka.common.utils.Utils.loadProps(Utils.java:683)
	at kafka.Kafka$.getPropsFromArgs(Kafka.scala:51)
	at kafka.Kafka$.main(Kafka.scala:90)
	at kafka.Kafka.main(Kafka.scala)
[2023-08-01 13:45:52,152] INFO Registered kafka:type=kafka.Log4jController MBean (kafka.utils.Log4jControllerRegistration$)
[2023-08-01 13:45:52,302] ERROR Exiting Kafka due to fatal exception (kafka.Kafka$)
java.nio.file.NoSuchFileException: config/server.properties
	at java.base/sun.nio.fs.UnixException.translateToIOException(UnixException.java:92)
	at java.base/sun.nio.fs.UnixException.rethrowAsIOException(UnixException.java:111)
	at java.base/sun.nio.fs.UnixException.rethrowAsIOException(UnixException.java:116)
	at java.base/sun.nio.fs.UnixFileSystemProvider.newByteChannel(UnixFileSystemProvider.java:219)
	at java.base/java.nio.file.Files.newByteChannel(Files.java:371)
	at java.base/java.nio.file.Files.newByteChannel(Files.java:422)
	at java.base/java.nio.file.spi.FileSystemProvider.newInputStream(FileSystemProvider.java:420)
	at java.base/java.nio.file.Files.newInputStream(Files.java:156)
	at org.apache.kafka.common.utils.Utils.loadProps(Utils.java:683)
	at kafka.Kafka$.getPropsFromArgs(Kafka.scala:51)
	at kafka.Kafka$.main(Kafka.scala:90)
	at kafka.Kafka.main(Kafka.scala)
[2023-08-01 13:45:53,797] INFO Registered kafka:type=kafka.Log4jController MBean (kafka.utils.Log4jControllerRegistration$)
[2023-08-01 13:45:53,949] ERROR Exiting Kafka due to fatal exception (kafka.Kafka$)
java.nio.file.NoSuchFileException: config/server.properties
	at java.base/sun.nio.fs.UnixException.translateToIOException(UnixException.java:92)
	at java.base/sun.nio.fs.UnixException.rethrowAsIOException(UnixException.java:111)
	at java.base/sun.nio.fs.UnixException.rethrowAsIOException(UnixException.java:116)
	at java.base/sun.nio.fs.UnixFileSystemProvider.newByteChannel(UnixFileSystemProvider.java:219)
	at java.base/java.nio.file.Files.newByteChannel(Files.java:371)
	at java.base/java.nio.file.Files.newByteChannel(Files.java:422)
	at java.base/java.nio.file.spi.FileSystemProvider.newInputStream(FileSystemProvider.java:420)
	at java.base/java.nio.file.Files.newInputStream(Files.java:156)
	at org.apache.kafka.common.utils.Utils.loadProps(Utils.java:683)
	at kafka.Kafka$.getPropsFromArgs(Kafka.scala:51)
	at kafka.Kafka$.main(Kafka.scala:90)
	at kafka.Kafka.main(Kafka.scala)
[2023-08-01 13:45:55,560] INFO Registered kafka:type=kafka.Log4jController MBean (kafka.utils.Log4jControllerRegistration$)
[2023-08-01 13:45:55,738] ERROR Exiting Kafka due to fatal exception (kafka.Kafka$)
java.nio.file.NoSuchFileException: config/server.properties
	at java.base/sun.nio.fs.UnixException.translateToIOException(UnixException.java:92)
	at java.base/sun.nio.fs.UnixException.rethrowAsIOException(UnixException.java:111)
	at java.base/sun.nio.fs.UnixException.rethrowAsIOException(UnixException.java:116)
	at java.base/sun.nio.fs.UnixFileSystemProvider.newByteChannel(UnixFileSystemProvider.java:219)
	at java.base/java.nio.file.Files.newByteChannel(Files.java:371)
	at java.base/java.nio.file.Files.newByteChannel(Files.java:422)
	at java.base/java.nio.file.spi.FileSystemProvider.newInputStream(FileSystemProvider.java:420)
	at java.base/java.nio.file.Files.newInputStream(Files.java:156)
	at org.apache.kafka.common.utils.Utils.loadProps(Utils.java:683)
	at kafka.Kafka$.getPropsFromArgs(Kafka.scala:51)
	at kafka.Kafka$.main(Kafka.scala:90)
	at kafka.Kafka.main(Kafka.scala)
[2023-08-01 13:45:57,457] INFO Registered kafka:type=kafka.Log4jController MBean (kafka.utils.Log4jControllerRegistration$)
[2023-08-01 13:45:57,605] ERROR Exiting Kafka due to fatal exception (kafka.Kafka$)
java.nio.file.NoSuchFileException: config/server.properties
	at java.base/sun.nio.fs.UnixException.translateToIOException(UnixException.java:92)
	at java.base/sun.nio.fs.UnixException.rethrowAsIOException(UnixException.java:111)
	at java.base/sun.nio.fs.UnixException.rethrowAsIOException(UnixException.java:116)
	at java.base/sun.nio.fs.UnixFileSystemProvider.newByteChannel(UnixFileSystemProvider.java:219)
	at java.base/java.nio.file.Files.newByteChannel(Files.java:371)
	at java.base/java.nio.file.Files.newByteChannel(Files.java:422)
	at java.base/java.nio.file.spi.FileSystemProvider.newInputStream(FileSystemProvider.java:420)
	at java.base/java.nio.file.Files.newInputStream(Files.java:156)
	at org.apache.kafka.common.utils.Utils.loadProps(Utils.java:683)
	at kafka.Kafka$.getPropsFromArgs(Kafka.scala:51)
	at kafka.Kafka$.main(Kafka.scala:90)
	at kafka.Kafka.main(Kafka.scala)
[2023-08-01 13:45:59,757] INFO Registered kafka:type=kafka.Log4jController MBean (kafka.utils.Log4jControllerRegistration$)
[2023-08-01 13:45:59,894] ERROR Exiting Kafka due to fatal exception (kafka.Kafka$)
java.nio.file.NoSuchFileException: config/server.properties
	at java.base/sun.nio.fs.UnixException.translateToIOException(UnixException.java:92)
	at java.base/sun.nio.fs.UnixException.rethrowAsIOException(UnixException.java:111)
	at java.base/sun.nio.fs.UnixException.rethrowAsIOException(UnixException.java:116)
	at java.base/sun.nio.fs.UnixFileSystemProvider.newByteChannel(UnixFileSystemProvider.java:219)
	at java.base/java.nio.file.Files.newByteChannel(Files.java:371)
	at java.base/java.nio.file.Files.newByteChannel(Files.java:422)
	at java.base/java.nio.file.spi.FileSystemProvider.newInputStream(FileSystemProvider.java:420)
	at java.base/java.nio.file.Files.newInputStream(Files.java:156)
	at org.apache.kafka.common.utils.Utils.loadProps(Utils.java:683)
	at kafka.Kafka$.getPropsFromArgs(Kafka.scala:51)
	at kafka.Kafka$.main(Kafka.scala:90)
	at kafka.Kafka.main(Kafka.scala)
[2023-08-01 13:48:35,254] INFO Registered kafka:type=kafka.Log4jController MBean (kafka.utils.Log4jControllerRegistration$)
[2023-08-01 13:48:35,431] ERROR Exiting Kafka due to fatal exception (kafka.Kafka$)
java.nio.file.NoSuchFileException: config/server.properties
	at java.base/sun.nio.fs.UnixException.translateToIOException(UnixException.java:92)
	at java.base/sun.nio.fs.UnixException.rethrowAsIOException(UnixException.java:111)
	at java.base/sun.nio.fs.UnixException.rethrowAsIOException(UnixException.java:116)
	at java.base/sun.nio.fs.UnixFileSystemProvider.newByteChannel(UnixFileSystemProvider.java:219)
	at java.base/java.nio.file.Files.newByteChannel(Files.java:371)
	at java.base/java.nio.file.Files.newByteChannel(Files.java:422)
	at java.base/java.nio.file.spi.FileSystemProvider.newInputStream(FileSystemProvider.java:420)
	at java.base/java.nio.file.Files.newInputStream(Files.java:156)
	at org.apache.kafka.common.utils.Utils.loadProps(Utils.java:683)
	at kafka.Kafka$.getPropsFromArgs(Kafka.scala:51)
	at kafka.Kafka$.main(Kafka.scala:90)
	at kafka.Kafka.main(Kafka.scala)
[2023-08-01 13:48:37,315] INFO Registered kafka:type=kafka.Log4jController MBean (kafka.utils.Log4jControllerRegistration$)
[2023-08-01 13:48:37,469] ERROR Exiting Kafka due to fatal exception (kafka.Kafka$)
java.nio.file.NoSuchFileException: config/server.properties
	at java.base/sun.nio.fs.UnixException.translateToIOException(UnixException.java:92)
	at java.base/sun.nio.fs.UnixException.rethrowAsIOException(UnixException.java:111)
	at java.base/sun.nio.fs.UnixException.rethrowAsIOException(UnixException.java:116)
	at java.base/sun.nio.fs.UnixFileSystemProvider.newByteChannel(UnixFileSystemProvider.java:219)
	at java.base/java.nio.file.Files.newByteChannel(Files.java:371)
	at java.base/java.nio.file.Files.newByteChannel(Files.java:422)
	at java.base/java.nio.file.spi.FileSystemProvider.newInputStream(FileSystemProvider.java:420)
	at java.base/java.nio.file.Files.newInputStream(Files.java:156)
	at org.apache.kafka.common.utils.Utils.loadProps(Utils.java:683)
	at kafka.Kafka$.getPropsFromArgs(Kafka.scala:51)
	at kafka.Kafka$.main(Kafka.scala:90)
	at kafka.Kafka.main(Kafka.scala)
[2023-08-01 13:48:39,510] INFO Registered kafka:type=kafka.Log4jController MBean (kafka.utils.Log4jControllerRegistration$)
[2023-08-01 13:48:39,690] ERROR Exiting Kafka due to fatal exception (kafka.Kafka$)
java.nio.file.NoSuchFileException: config/server.properties
	at java.base/sun.nio.fs.UnixException.translateToIOException(UnixException.java:92)
	at java.base/sun.nio.fs.UnixException.rethrowAsIOException(UnixException.java:111)
	at java.base/sun.nio.fs.UnixException.rethrowAsIOException(UnixException.java:116)
	at java.base/sun.nio.fs.UnixFileSystemProvider.newByteChannel(UnixFileSystemProvider.java:219)
	at java.base/java.nio.file.Files.newByteChannel(Files.java:371)
	at java.base/java.nio.file.Files.newByteChannel(Files.java:422)
	at java.base/java.nio.file.spi.FileSystemProvider.newInputStream(FileSystemProvider.java:420)
	at java.base/java.nio.file.Files.newInputStream(Files.java:156)
	at org.apache.kafka.common.utils.Utils.loadProps(Utils.java:683)
	at kafka.Kafka$.getPropsFromArgs(Kafka.scala:51)
	at kafka.Kafka$.main(Kafka.scala:90)
	at kafka.Kafka.main(Kafka.scala)
[2023-08-01 13:48:41,799] INFO Registered kafka:type=kafka.Log4jController MBean (kafka.utils.Log4jControllerRegistration$)
[2023-08-01 13:48:41,984] ERROR Exiting Kafka due to fatal exception (kafka.Kafka$)
java.nio.file.NoSuchFileException: config/server.properties
	at java.base/sun.nio.fs.UnixException.translateToIOException(UnixException.java:92)
	at java.base/sun.nio.fs.UnixException.rethrowAsIOException(UnixException.java:111)
	at java.base/sun.nio.fs.UnixException.rethrowAsIOException(UnixException.java:116)
	at java.base/sun.nio.fs.UnixFileSystemProvider.newByteChannel(UnixFileSystemProvider.java:219)
	at java.base/java.nio.file.Files.newByteChannel(Files.java:371)
	at java.base/java.nio.file.Files.newByteChannel(Files.java:422)
	at java.base/java.nio.file.spi.FileSystemProvider.newInputStream(FileSystemProvider.java:420)
	at java.base/java.nio.file.Files.newInputStream(Files.java:156)
	at org.apache.kafka.common.utils.Utils.loadProps(Utils.java:683)
	at kafka.Kafka$.getPropsFromArgs(Kafka.scala:51)
	at kafka.Kafka$.main(Kafka.scala:90)
	at kafka.Kafka.main(Kafka.scala)
[2023-08-01 13:48:44,534] INFO Registered kafka:type=kafka.Log4jController MBean (kafka.utils.Log4jControllerRegistration$)
[2023-08-01 13:48:44,711] ERROR Exiting Kafka due to fatal exception (kafka.Kafka$)
java.nio.file.NoSuchFileException: config/server.properties
	at java.base/sun.nio.fs.UnixException.translateToIOException(UnixException.java:92)
	at java.base/sun.nio.fs.UnixException.rethrowAsIOException(UnixException.java:111)
	at java.base/sun.nio.fs.UnixException.rethrowAsIOException(UnixException.java:116)
	at java.base/sun.nio.fs.UnixFileSystemProvider.newByteChannel(UnixFileSystemProvider.java:219)
	at java.base/java.nio.file.Files.newByteChannel(Files.java:371)
	at java.base/java.nio.file.Files.newByteChannel(Files.java:422)
	at java.base/java.nio.file.spi.FileSystemProvider.newInputStream(FileSystemProvider.java:420)
	at java.base/java.nio.file.Files.newInputStream(Files.java:156)
	at org.apache.kafka.common.utils.Utils.loadProps(Utils.java:683)
	at kafka.Kafka$.getPropsFromArgs(Kafka.scala:51)
	at kafka.Kafka$.main(Kafka.scala:90)
	at kafka.Kafka.main(Kafka.scala)
[2023-08-01 13:50:18,471] INFO Registered kafka:type=kafka.Log4jController MBean (kafka.utils.Log4jControllerRegistration$)
[2023-08-01 13:50:18,838] INFO Setting -D jdk.tls.rejectClientInitiatedRenegotiation=true to disable client-initiated TLS renegotiation (org.apache.zookeeper.common.X509Util)
[2023-08-01 13:50:18,950] INFO Registered signal handlers for TERM, INT, HUP (org.apache.kafka.common.utils.LoggingSignalHandler)
[2023-08-01 13:50:18,954] INFO starting (kafka.server.KafkaServer)
[2023-08-01 13:50:18,954] INFO Connecting to zookeeper on localhost:2181 (kafka.server.KafkaServer)
[2023-08-01 13:50:19,011] INFO [ZooKeeperClient Kafka server] Initializing a new session to localhost:2181. (kafka.zookeeper.ZooKeeperClient)
[2023-08-01 13:50:19,020] INFO Client environment:zookeeper.version=3.6.4--d65253dcf68e9097c6e95a126463fd5fdeb4521c, built on 12/18/2022 18:10 GMT (org.apache.zookeeper.ZooKeeper)
[2023-08-01 13:50:19,021] INFO Client environment:host.name=a396894d5a8a (org.apache.zookeeper.ZooKeeper)
[2023-08-01 13:50:19,021] INFO Client environment:java.version=11.0.18 (org.apache.zookeeper.ZooKeeper)
[2023-08-01 13:50:19,021] INFO Client environment:java.vendor=Debian (org.apache.zookeeper.ZooKeeper)
[2023-08-01 13:50:19,022] INFO Client environment:java.home=/usr/lib/jvm/java-11-openjdk-amd64 (org.apache.zookeeper.ZooKeeper)
[2023-08-01 13:50:19,022] INFO Client environment:java.class.path=/usr/local/kafka/kafka_2.13-3.5.0/bin/../libs/activation-1.1.1.jar:/usr/local/kafka/kafka_2.13-3.5.0/bin/../libs/aopalliance-repackaged-2.6.1.jar:/usr/local/kafka/kafka_2.13-3.5.0/bin/../libs/argparse4j-0.7.0.jar:/usr/local/kafka/kafka_2.13-3.5.0/bin/../libs/audience-annotations-0.13.0.jar:/usr/local/kafka/kafka_2.13-3.5.0/bin/../libs/commons-cli-1.4.jar:/usr/local/kafka/kafka_2.13-3.5.0/bin/../libs/commons-lang3-3.8.1.jar:/usr/local/kafka/kafka_2.13-3.5.0/bin/../libs/connect-api-3.5.0.jar:/usr/local/kafka/kafka_2.13-3.5.0/bin/../libs/connect-basic-auth-extension-3.5.0.jar:/usr/local/kafka/kafka_2.13-3.5.0/bin/../libs/connect-json-3.5.0.jar:/usr/local/kafka/kafka_2.13-3.5.0/bin/../libs/connect-mirror-3.5.0.jar:/usr/local/kafka/kafka_2.13-3.5.0/bin/../libs/connect-mirror-client-3.5.0.jar:/usr/local/kafka/kafka_2.13-3.5.0/bin/../libs/connect-runtime-3.5.0.jar:/usr/local/kafka/kafka_2.13-3.5.0/bin/../libs/connect-transforms-3.5.0.jar:/usr/local/kafka/kafka_2.13-3.5.0/bin/../libs/hk2-api-2.6.1.jar:/usr/local/kafka/kafka_2.13-3.5.0/bin/../libs/hk2-locator-2.6.1.jar:/usr/local/kafka/kafka_2.13-3.5.0/bin/../libs/hk2-utils-2.6.1.jar:/usr/local/kafka/kafka_2.13-3.5.0/bin/../libs/jackson-annotations-2.13.5.jar:/usr/local/kafka/kafka_2.13-3.5.0/bin/../libs/jackson-core-2.13.5.jar:/usr/local/kafka/kafka_2.13-3.5.0/bin/../libs/jackson-databind-2.13.5.jar:/usr/local/kafka/kafka_2.13-3.5.0/bin/../libs/jackson-dataformat-csv-2.13.5.jar:/usr/local/kafka/kafka_2.13-3.5.0/bin/../libs/jackson-datatype-jdk8-2.13.5.jar:/usr/local/kafka/kafka_2.13-3.5.0/bin/../libs/jackson-jaxrs-base-2.13.5.jar:/usr/local/kafka/kafka_2.13-3.5.0/bin/../libs/jackson-jaxrs-json-provider-2.13.5.jar:/usr/local/kafka/kafka_2.13-3.5.0/bin/../libs/jackson-module-jaxb-annotations-2.13.5.jar:/usr/local/kafka/kafka_2.13-3.5.0/bin/../libs/jackson-module-scala_2.13-2.13.5.jar:/usr/local/kafka/kafka_2.13-3.5.0/bin/../libs/jakarta.activation-api-1.2.2.jar:/usr/local/kafka/kafka_2.13-3.5.0/bin/../libs/jakarta.annotation-api-1.3.5.jar:/usr/local/kafka/kafka_2.13-3.5.0/bin/../libs/jakarta.inject-2.6.1.jar:/usr/local/kafka/kafka_2.13-3.5.0/bin/../libs/jakarta.validation-api-2.0.2.jar:/usr/local/kafka/kafka_2.13-3.5.0/bin/../libs/jakarta.ws.rs-api-2.1.6.jar:/usr/local/kafka/kafka_2.13-3.5.0/bin/../libs/jakarta.xml.bind-api-2.3.3.jar:/usr/local/kafka/kafka_2.13-3.5.0/bin/../libs/javassist-3.29.2-GA.jar:/usr/local/kafka/kafka_2.13-3.5.0/bin/../libs/javax.activation-api-1.2.0.jar:/usr/local/kafka/kafka_2.13-3.5.0/bin/../libs/javax.annotation-api-1.3.2.jar:/usr/local/kafka/kafka_2.13-3.5.0/bin/../libs/javax.servlet-api-3.1.0.jar:/usr/local/kafka/kafka_2.13-3.5.0/bin/../libs/javax.ws.rs-api-2.1.1.jar:/usr/local/kafka/kafka_2.13-3.5.0/bin/../libs/jaxb-api-2.3.1.jar:/usr/local/kafka/kafka_2.13-3.5.0/bin/../libs/jersey-client-2.39.1.jar:/usr/local/kafka/kafka_2.13-3.5.0/bin/../libs/jersey-common-2.39.1.jar:/usr/local/kafka/kafka_2.13-3.5.0/bin/../libs/jersey-container-servlet-2.39.1.jar:/usr/local/kafka/kafka_2.13-3.5.0/bin/../libs/jersey-container-servlet-core-2.39.1.jar:/usr/local/kafka/kafka_2.13-3.5.0/bin/../libs/jersey-hk2-2.39.1.jar:/usr/local/kafka/kafka_2.13-3.5.0/bin/../libs/jersey-server-2.39.1.jar:/usr/local/kafka/kafka_2.13-3.5.0/bin/../libs/jetty-client-9.4.51.v20230217.jar:/usr/local/kafka/kafka_2.13-3.5.0/bin/../libs/jetty-continuation-9.4.51.v20230217.jar:/usr/local/kafka/kafka_2.13-3.5.0/bin/../libs/jetty-http-9.4.51.v20230217.jar:/usr/local/kafka/kafka_2.13-3.5.0/bin/../libs/jetty-io-9.4.51.v20230217.jar:/usr/local/kafka/kafka_2.13-3.5.0/bin/../libs/jetty-security-9.4.51.v20230217.jar:/usr/local/kafka/kafka_2.13-3.5.0/bin/../libs/jetty-server-9.4.51.v20230217.jar:/usr/local/kafka/kafka_2.13-3.5.0/bin/../libs/jetty-servlet-9.4.51.v20230217.jar:/usr/local/kafka/kafka_2.13-3.5.0/bin/../libs/jetty-servlets-9.4.51.v20230217.jar:/usr/local/kafka/kafka_2.13-3.5.0/bin/../libs/jetty-util-9.4.51.v20230217.jar:/usr/local/kafka/kafka_2.13-3.5.0/bin/../libs/jetty-util-ajax-9.4.51.v20230217.jar:/usr/local/kafka/kafka_2.13-3.5.0/bin/../libs/jline-3.22.0.jar:/usr/local/kafka/kafka_2.13-3.5.0/bin/../libs/jopt-simple-5.0.4.jar:/usr/local/kafka/kafka_2.13-3.5.0/bin/../libs/jose4j-0.9.3.jar:/usr/local/kafka/kafka_2.13-3.5.0/bin/../libs/kafka-clients-3.5.0.jar:/usr/local/kafka/kafka_2.13-3.5.0/bin/../libs/kafka-group-coordinator-3.5.0.jar:/usr/local/kafka/kafka_2.13-3.5.0/bin/../libs/kafka-log4j-appender-3.5.0.jar:/usr/local/kafka/kafka_2.13-3.5.0/bin/../libs/kafka-metadata-3.5.0.jar:/usr/local/kafka/kafka_2.13-3.5.0/bin/../libs/kafka-raft-3.5.0.jar:/usr/local/kafka/kafka_2.13-3.5.0/bin/../libs/kafka-server-common-3.5.0.jar:/usr/local/kafka/kafka_2.13-3.5.0/bin/../libs/kafka-shell-3.5.0.jar:/usr/local/kafka/kafka_2.13-3.5.0/bin/../libs/kafka-storage-3.5.0.jar:/usr/local/kafka/kafka_2.13-3.5.0/bin/../libs/kafka-storage-api-3.5.0.jar:/usr/local/kafka/kafka_2.13-3.5.0/bin/../libs/kafka-streams-3.5.0.jar:/usr/local/kafka/kafka_2.13-3.5.0/bin/../libs/kafka-streams-examples-3.5.0.jar:/usr/local/kafka/kafka_2.13-3.5.0/bin/../libs/kafka-streams-scala_2.13-3.5.0.jar:/usr/local/kafka/kafka_2.13-3.5.0/bin/../libs/kafka-streams-test-utils-3.5.0.jar:/usr/local/kafka/kafka_2.13-3.5.0/bin/../libs/kafka-tools-3.5.0.jar:/usr/local/kafka/kafka_2.13-3.5.0/bin/../libs/kafka-tools-api-3.5.0.jar:/usr/local/kafka/kafka_2.13-3.5.0/bin/../libs/kafka_2.13-3.5.0.jar:/usr/local/kafka/kafka_2.13-3.5.0/bin/../libs/lz4-java-1.8.0.jar:/usr/local/kafka/kafka_2.13-3.5.0/bin/../libs/maven-artifact-3.8.4.jar:/usr/local/kafka/kafka_2.13-3.5.0/bin/../libs/metrics-core-2.2.0.jar:/usr/local/kafka/kafka_2.13-3.5.0/bin/../libs/metrics-core-4.1.12.1.jar:/usr/local/kafka/kafka_2.13-3.5.0/bin/../libs/netty-buffer-4.1.92.Final.jar:/usr/local/kafka/kafka_2.13-3.5.0/bin/../libs/netty-codec-4.1.92.Final.jar:/usr/local/kafka/kafka_2.13-3.5.0/bin/../libs/netty-common-4.1.92.Final.jar:/usr/local/kafka/kafka_2.13-3.5.0/bin/../libs/netty-handler-4.1.92.Final.jar:/usr/local/kafka/kafka_2.13-3.5.0/bin/../libs/netty-resolver-4.1.92.Final.jar:/usr/local/kafka/kafka_2.13-3.5.0/bin/../libs/netty-transport-4.1.92.Final.jar:/usr/local/kafka/kafka_2.13-3.5.0/bin/../libs/netty-transport-classes-epoll-4.1.92.Final.jar:/usr/local/kafka/kafka_2.13-3.5.0/bin/../libs/netty-transport-native-epoll-4.1.92.Final.jar:/usr/local/kafka/kafka_2.13-3.5.0/bin/../libs/netty-transport-native-unix-common-4.1.92.Final.jar:/usr/local/kafka/kafka_2.13-3.5.0/bin/../libs/osgi-resource-locator-1.0.3.jar:/usr/local/kafka/kafka_2.13-3.5.0/bin/../libs/paranamer-2.8.jar:/usr/local/kafka/kafka_2.13-3.5.0/bin/../libs/plexus-utils-3.3.0.jar:/usr/local/kafka/kafka_2.13-3.5.0/bin/../libs/reflections-0.9.12.jar:/usr/local/kafka/kafka_2.13-3.5.0/bin/../libs/reload4j-1.2.25.jar:/usr/local/kafka/kafka_2.13-3.5.0/bin/../libs/rocksdbjni-7.1.2.jar:/usr/local/kafka/kafka_2.13-3.5.0/bin/../libs/scala-collection-compat_2.13-2.10.0.jar:/usr/local/kafka/kafka_2.13-3.5.0/bin/../libs/scala-java8-compat_2.13-1.0.2.jar:/usr/local/kafka/kafka_2.13-3.5.0/bin/../libs/scala-library-2.13.10.jar:/usr/local/kafka/kafka_2.13-3.5.0/bin/../libs/scala-logging_2.13-3.9.4.jar:/usr/local/kafka/kafka_2.13-3.5.0/bin/../libs/scala-reflect-2.13.10.jar:/usr/local/kafka/kafka_2.13-3.5.0/bin/../libs/slf4j-api-1.7.36.jar:/usr/local/kafka/kafka_2.13-3.5.0/bin/../libs/slf4j-reload4j-1.7.36.jar:/usr/local/kafka/kafka_2.13-3.5.0/bin/../libs/snappy-java-1.1.10.0.jar:/usr/local/kafka/kafka_2.13-3.5.0/bin/../libs/swagger-annotations-2.2.8.jar:/usr/local/kafka/kafka_2.13-3.5.0/bin/../libs/trogdor-3.5.0.jar:/usr/local/kafka/kafka_2.13-3.5.0/bin/../libs/zookeeper-3.6.4.jar:/usr/local/kafka/kafka_2.13-3.5.0/bin/../libs/zookeeper-jute-3.6.4.jar:/usr/local/kafka/kafka_2.13-3.5.0/bin/../libs/zstd-jni-1.5.5-1.jar (org.apache.zookeeper.ZooKeeper)
[2023-08-01 13:50:19,023] INFO Client environment:java.library.path=/usr/java/packages/lib:/usr/lib/x86_64-linux-gnu/jni:/lib/x86_64-linux-gnu:/usr/lib/x86_64-linux-gnu:/usr/lib/jni:/lib:/usr/lib (org.apache.zookeeper.ZooKeeper)
[2023-08-01 13:50:19,024] INFO Client environment:java.io.tmpdir=/tmp (org.apache.zookeeper.ZooKeeper)
[2023-08-01 13:50:19,024] INFO Client environment:java.compiler=<NA> (org.apache.zookeeper.ZooKeeper)
[2023-08-01 13:50:19,025] INFO Client environment:os.name=Linux (org.apache.zookeeper.ZooKeeper)
[2023-08-01 13:50:19,025] INFO Client environment:os.arch=amd64 (org.apache.zookeeper.ZooKeeper)
[2023-08-01 13:50:19,025] INFO Client environment:os.version=5.15.49-linuxkit-pr (org.apache.zookeeper.ZooKeeper)
[2023-08-01 13:50:19,025] INFO Client environment:user.name=root (org.apache.zookeeper.ZooKeeper)
[2023-08-01 13:50:19,025] INFO Client environment:user.home=/root (org.apache.zookeeper.ZooKeeper)
[2023-08-01 13:50:19,025] INFO Client environment:user.dir=/usr/local/kafka (org.apache.zookeeper.ZooKeeper)
[2023-08-01 13:50:19,025] INFO Client environment:os.memory.free=1015MB (org.apache.zookeeper.ZooKeeper)
[2023-08-01 13:50:19,025] INFO Client environment:os.memory.max=1024MB (org.apache.zookeeper.ZooKeeper)
[2023-08-01 13:50:19,025] INFO Client environment:os.memory.total=1024MB (org.apache.zookeeper.ZooKeeper)
[2023-08-01 13:50:19,035] INFO Initiating client connection, connectString=localhost:2181 sessionTimeout=18000 watcher=kafka.zookeeper.ZooKeeperClient$ZooKeeperClientWatcher$@39b43d60 (org.apache.zookeeper.ZooKeeper)
[2023-08-01 13:50:19,045] INFO jute.maxbuffer value is 4194304 Bytes (org.apache.zookeeper.ClientCnxnSocket)
[2023-08-01 13:50:19,054] INFO zookeeper.request.timeout value is 0. feature enabled=false (org.apache.zookeeper.ClientCnxn)
[2023-08-01 13:50:19,061] INFO [ZooKeeperClient Kafka server] Waiting until connected. (kafka.zookeeper.ZooKeeperClient)
[2023-08-01 13:50:19,062] INFO Opening socket connection to server localhost/127.0.0.1:2181. (org.apache.zookeeper.ClientCnxn)
[2023-08-01 13:50:19,079] WARN Session 0x0 for server localhost/127.0.0.1:2181, Closing socket connection. Attempting reconnect except it is a SessionExpiredException. (org.apache.zookeeper.ClientCnxn)
java.net.ConnectException: Connection refused
	at java.base/sun.nio.ch.SocketChannelImpl.checkConnect(Native Method)
	at java.base/sun.nio.ch.SocketChannelImpl.finishConnect(SocketChannelImpl.java:777)
	at org.apache.zookeeper.ClientCnxnSocketNIO.doTransport(ClientCnxnSocketNIO.java:344)
	at org.apache.zookeeper.ClientCnxn$SendThread.run(ClientCnxn.java:1293)
[2023-08-01 13:50:20,192] INFO Opening socket connection to server localhost/127.0.0.1:2181. (org.apache.zookeeper.ClientCnxn)
[2023-08-01 13:50:20,193] WARN Session 0x0 for server localhost/127.0.0.1:2181, Closing socket connection. Attempting reconnect except it is a SessionExpiredException. (org.apache.zookeeper.ClientCnxn)
java.net.ConnectException: Connection refused
	at java.base/sun.nio.ch.SocketChannelImpl.checkConnect(Native Method)
	at java.base/sun.nio.ch.SocketChannelImpl.finishConnect(SocketChannelImpl.java:777)
	at org.apache.zookeeper.ClientCnxnSocketNIO.doTransport(ClientCnxnSocketNIO.java:344)
	at org.apache.zookeeper.ClientCnxn$SendThread.run(ClientCnxn.java:1293)
[2023-08-01 13:50:21,297] INFO Opening socket connection to server localhost/127.0.0.1:2181. (org.apache.zookeeper.ClientCnxn)
[2023-08-01 13:50:21,298] WARN Session 0x0 for server localhost/127.0.0.1:2181, Closing socket connection. Attempting reconnect except it is a SessionExpiredException. (org.apache.zookeeper.ClientCnxn)
java.net.ConnectException: Connection refused
	at java.base/sun.nio.ch.SocketChannelImpl.checkConnect(Native Method)
	at java.base/sun.nio.ch.SocketChannelImpl.finishConnect(SocketChannelImpl.java:777)
	at org.apache.zookeeper.ClientCnxnSocketNIO.doTransport(ClientCnxnSocketNIO.java:344)
	at org.apache.zookeeper.ClientCnxn$SendThread.run(ClientCnxn.java:1293)
[2023-08-01 13:50:22,400] INFO Opening socket connection to server localhost/127.0.0.1:2181. (org.apache.zookeeper.ClientCnxn)
[2023-08-01 13:50:22,403] WARN Session 0x0 for server localhost/127.0.0.1:2181, Closing socket connection. Attempting reconnect except it is a SessionExpiredException. (org.apache.zookeeper.ClientCnxn)
java.net.ConnectException: Connection refused
	at java.base/sun.nio.ch.SocketChannelImpl.checkConnect(Native Method)
	at java.base/sun.nio.ch.SocketChannelImpl.finishConnect(SocketChannelImpl.java:777)
	at org.apache.zookeeper.ClientCnxnSocketNIO.doTransport(ClientCnxnSocketNIO.java:344)
	at org.apache.zookeeper.ClientCnxn$SendThread.run(ClientCnxn.java:1293)
[2023-08-01 13:50:23,506] INFO Opening socket connection to server localhost/127.0.0.1:2181. (org.apache.zookeeper.ClientCnxn)
[2023-08-01 13:50:23,507] WARN Session 0x0 for server localhost/127.0.0.1:2181, Closing socket connection. Attempting reconnect except it is a SessionExpiredException. (org.apache.zookeeper.ClientCnxn)
java.net.ConnectException: Connection refused
	at java.base/sun.nio.ch.SocketChannelImpl.checkConnect(Native Method)
	at java.base/sun.nio.ch.SocketChannelImpl.finishConnect(SocketChannelImpl.java:777)
	at org.apache.zookeeper.ClientCnxnSocketNIO.doTransport(ClientCnxnSocketNIO.java:344)
	at org.apache.zookeeper.ClientCnxn$SendThread.run(ClientCnxn.java:1293)
[2023-08-01 13:50:24,608] INFO Opening socket connection to server localhost/127.0.0.1:2181. (org.apache.zookeeper.ClientCnxn)
[2023-08-01 13:50:24,608] WARN Session 0x0 for server localhost/127.0.0.1:2181, Closing socket connection. Attempting reconnect except it is a SessionExpiredException. (org.apache.zookeeper.ClientCnxn)
java.net.ConnectException: Connection refused
	at java.base/sun.nio.ch.SocketChannelImpl.checkConnect(Native Method)
	at java.base/sun.nio.ch.SocketChannelImpl.finishConnect(SocketChannelImpl.java:777)
	at org.apache.zookeeper.ClientCnxnSocketNIO.doTransport(ClientCnxnSocketNIO.java:344)
	at org.apache.zookeeper.ClientCnxn$SendThread.run(ClientCnxn.java:1293)
[2023-08-01 13:50:25,709] INFO Opening socket connection to server localhost/127.0.0.1:2181. (org.apache.zookeeper.ClientCnxn)
[2023-08-01 13:50:25,710] WARN Session 0x0 for server localhost/127.0.0.1:2181, Closing socket connection. Attempting reconnect except it is a SessionExpiredException. (org.apache.zookeeper.ClientCnxn)
java.net.ConnectException: Connection refused
	at java.base/sun.nio.ch.SocketChannelImpl.checkConnect(Native Method)
	at java.base/sun.nio.ch.SocketChannelImpl.finishConnect(SocketChannelImpl.java:777)
	at org.apache.zookeeper.ClientCnxnSocketNIO.doTransport(ClientCnxnSocketNIO.java:344)
	at org.apache.zookeeper.ClientCnxn$SendThread.run(ClientCnxn.java:1293)
[2023-08-01 13:50:26,717] INFO Terminating process due to signal SIGTERM (org.apache.kafka.common.utils.LoggingSignalHandler)
[2023-08-01 13:50:26,720] INFO shutting down (kafka.server.KafkaServer)
[2023-08-01 13:50:26,726] ERROR Fatal error during KafkaServer shutdown. (kafka.server.KafkaServer)
java.lang.IllegalStateException: Kafka server is still starting up, cannot shut down!
	at kafka.server.KafkaServer.shutdown(KafkaServer.scala:861)
	at kafka.Kafka$.$anonfun$main$3(Kafka.scala:104)
	at kafka.utils.Exit$.$anonfun$addShutdownHook$1(Exit.scala:38)
	at java.base/java.lang.Thread.run(Thread.java:829)
[2023-08-01 13:50:26,727] ERROR Halting Kafka. (kafka.Kafka$)
