2023-08-01 00:15:32,577 [myid:] - INFO  [main:o.a.z.s.q.QuorumPeerConfig@177] - Reading configuration from: /usr/local/kafka/apache-zookeeper-3.8.1-bin/bin/../conf/zoo.cfg
2023-08-01 00:15:32,582 [myid:] - WARN  [main:o.a.z.s.u.VerifyingFileFactory@65] - {{KAFKA_HOME}}/apache-zookeeper-3.8.1-bin/data is relative. Prepend ./ to indicate that you're sure!
2023-08-01 00:15:32,585 [myid:] - INFO  [main:o.a.z.s.q.QuorumPeerConfig@440] - clientPortAddress is 0.0.0.0:2181
2023-08-01 00:15:32,586 [myid:] - INFO  [main:o.a.z.s.q.QuorumPeerConfig@444] - secureClientPort is not set
2023-08-01 00:15:32,586 [myid:] - INFO  [main:o.a.z.s.q.QuorumPeerConfig@460] - observerMasterPort is not set
2023-08-01 00:15:32,587 [myid:] - INFO  [main:o.a.z.s.q.QuorumPeerConfig@477] - metricsProvider.className is org.apache.zookeeper.metrics.impl.DefaultMetricsProvider
2023-08-01 00:15:32,599 [myid:] - ERROR [main:o.a.z.s.q.QuorumPeerConfig@702] - Invalid configuration, only one server specified (ignoring)
2023-08-01 00:15:32,601 [myid:] - INFO  [main:o.a.z.s.DatadirCleanupManager@78] - autopurge.snapRetainCount set to 3
2023-08-01 00:15:32,601 [myid:] - INFO  [main:o.a.z.s.DatadirCleanupManager@79] - autopurge.purgeInterval set to 0
2023-08-01 00:15:32,602 [myid:] - INFO  [main:o.a.z.s.DatadirCleanupManager@101] - Purge task is not scheduled.
2023-08-01 00:15:32,602 [myid:] - WARN  [main:o.a.z.s.q.QuorumPeerMain@139] - Either no config or no quorum defined in config, running in standalone mode
2023-08-01 00:15:32,604 [myid:] - INFO  [main:o.a.z.j.ManagedUtil@46] - Log4j 1.2 jmx support not found; jmx disabled.
2023-08-01 00:15:32,605 [myid:] - INFO  [main:o.a.z.s.q.QuorumPeerConfig@177] - Reading configuration from: /usr/local/kafka/apache-zookeeper-3.8.1-bin/bin/../conf/zoo.cfg
2023-08-01 00:15:32,606 [myid:] - WARN  [main:o.a.z.s.u.VerifyingFileFactory@65] - {{KAFKA_HOME}}/apache-zookeeper-3.8.1-bin/data is relative. Prepend ./ to indicate that you're sure!
2023-08-01 00:15:32,607 [myid:] - INFO  [main:o.a.z.s.q.QuorumPeerConfig@440] - clientPortAddress is 0.0.0.0:2181
2023-08-01 00:15:32,607 [myid:] - INFO  [main:o.a.z.s.q.QuorumPeerConfig@444] - secureClientPort is not set
2023-08-01 00:15:32,608 [myid:] - INFO  [main:o.a.z.s.q.QuorumPeerConfig@460] - observerMasterPort is not set
2023-08-01 00:15:32,608 [myid:] - INFO  [main:o.a.z.s.q.QuorumPeerConfig@477] - metricsProvider.className is org.apache.zookeeper.metrics.impl.DefaultMetricsProvider
2023-08-01 00:15:32,608 [myid:] - ERROR [main:o.a.z.s.q.QuorumPeerConfig@702] - Invalid configuration, only one server specified (ignoring)
2023-08-01 00:15:32,609 [myid:] - INFO  [main:o.a.z.s.ZooKeeperServerMain@123] - Starting server
2023-08-01 00:15:32,623 [myid:] - INFO  [main:o.a.z.s.ServerMetrics@64] - ServerMetrics initialized with provider org.apache.zookeeper.metrics.impl.DefaultMetricsProvider@692f203f
2023-08-01 00:15:32,627 [myid:] - INFO  [main:o.a.z.s.a.DigestAuthenticationProvider@47] - ACL digest algorithm is: SHA1
2023-08-01 00:15:32,627 [myid:] - INFO  [main:o.a.z.s.a.DigestAuthenticationProvider@61] - zookeeper.DigestAuthenticationProvider.enabled = true
2023-08-01 00:15:32,630 [myid:] - INFO  [main:o.a.z.s.p.FileTxnSnapLog@124] - zookeeper.snapshot.trust.empty : false
2023-08-01 00:15:32,641 [myid:] - INFO  [main:o.a.z.ZookeeperBanner@42] - 
2023-08-01 00:15:32,641 [myid:] - INFO  [main:o.a.z.ZookeeperBanner@42] -   ______                  _                                          
2023-08-01 00:15:32,641 [myid:] - INFO  [main:o.a.z.ZookeeperBanner@42] -  |___  /                 | |                                         
2023-08-01 00:15:32,641 [myid:] - INFO  [main:o.a.z.ZookeeperBanner@42] -     / /    ___     ___   | | __   ___    ___   _ __     ___   _ __   
2023-08-01 00:15:32,642 [myid:] - INFO  [main:o.a.z.ZookeeperBanner@42] -    / /    / _ \   / _ \  | |/ /  / _ \  / _ \ | '_ \   / _ \ | '__|
2023-08-01 00:15:32,642 [myid:] - INFO  [main:o.a.z.ZookeeperBanner@42] -   / /__  | (_) | | (_) | |   <  |  __/ |  __/ | |_) | |  __/ | |    
2023-08-01 00:15:32,642 [myid:] - INFO  [main:o.a.z.ZookeeperBanner@42] -  /_____|  \___/   \___/  |_|\_\  \___|  \___| | .__/   \___| |_|
2023-08-01 00:15:32,643 [myid:] - INFO  [main:o.a.z.ZookeeperBanner@42] -                                               | |                     
2023-08-01 00:15:32,643 [myid:] - INFO  [main:o.a.z.ZookeeperBanner@42] -                                               |_|                     
2023-08-01 00:15:32,643 [myid:] - INFO  [main:o.a.z.ZookeeperBanner@42] - 
2023-08-01 00:15:32,645 [myid:] - INFO  [main:o.a.z.Environment@98] - Server environment:zookeeper.version=3.8.1-74db005175a4ec545697012f9069cb9dcc8cdda7, built on 2023-01-25 16:31 UTC
2023-08-01 00:15:32,645 [myid:] - INFO  [main:o.a.z.Environment@98] - Server environment:host.name=5a16b1d0fab5
2023-08-01 00:15:32,646 [myid:] - INFO  [main:o.a.z.Environment@98] - Server environment:java.version=11.0.18
2023-08-01 00:15:32,646 [myid:] - INFO  [main:o.a.z.Environment@98] - Server environment:java.vendor=Debian
2023-08-01 00:15:32,646 [myid:] - INFO  [main:o.a.z.Environment@98] - Server environment:java.home=/usr/lib/jvm/java-11-openjdk-amd64
2023-08-01 00:15:32,646 [myid:] - INFO  [main:o.a.z.Environment@98] - Server environment:java.class.path=/usr/local/kafka/apache-zookeeper-3.8.1-bin/bin/../zookeeper-server/target/classes:/usr/local/kafka/apache-zookeeper-3.8.1-bin/bin/../build/classes:/usr/local/kafka/apache-zookeeper-3.8.1-bin/bin/../zookeeper-server/target/lib/*.jar:/usr/local/kafka/apache-zookeeper-3.8.1-bin/bin/../build/lib/*.jar:/usr/local/kafka/apache-zookeeper-3.8.1-bin/bin/../lib/zookeeper-prometheus-metrics-3.8.1.jar:/usr/local/kafka/apache-zookeeper-3.8.1-bin/bin/../lib/zookeeper-jute-3.8.1.jar:/usr/local/kafka/apache-zookeeper-3.8.1-bin/bin/../lib/zookeeper-3.8.1.jar:/usr/local/kafka/apache-zookeeper-3.8.1-bin/bin/../lib/snappy-java-1.1.7.7.jar:/usr/local/kafka/apache-zookeeper-3.8.1-bin/bin/../lib/slf4j-api-1.7.30.jar:/usr/local/kafka/apache-zookeeper-3.8.1-bin/bin/../lib/simpleclient_servlet-0.9.0.jar:/usr/local/kafka/apache-zookeeper-3.8.1-bin/bin/../lib/simpleclient_hotspot-0.9.0.jar:/usr/local/kafka/apache-zookeeper-3.8.1-bin/bin/../lib/simpleclient_common-0.9.0.jar:/usr/local/kafka/apache-zookeeper-3.8.1-bin/bin/../lib/simpleclient-0.9.0.jar:/usr/local/kafka/apache-zookeeper-3.8.1-bin/bin/../lib/netty-transport-native-unix-common-4.1.86.Final.jar:/usr/local/kafka/apache-zookeeper-3.8.1-bin/bin/../lib/netty-transport-native-epoll-4.1.86.Final.jar:/usr/local/kafka/apache-zookeeper-3.8.1-bin/bin/../lib/netty-transport-classes-epoll-4.1.86.Final.jar:/usr/local/kafka/apache-zookeeper-3.8.1-bin/bin/../lib/netty-transport-4.1.86.Final.jar:/usr/local/kafka/apache-zookeeper-3.8.1-bin/bin/../lib/netty-resolver-4.1.86.Final.jar:/usr/local/kafka/apache-zookeeper-3.8.1-bin/bin/../lib/netty-handler-4.1.86.Final.jar:/usr/local/kafka/apache-zookeeper-3.8.1-bin/bin/../lib/netty-common-4.1.86.Final.jar:/usr/local/kafka/apache-zookeeper-3.8.1-bin/bin/../lib/netty-codec-4.1.86.Final.jar:/usr/local/kafka/apache-zookeeper-3.8.1-bin/bin/../lib/netty-buffer-4.1.86.Final.jar:/usr/local/kafka/apache-zookeeper-3.8.1-bin/bin/../lib/metrics-core-4.1.12.1.jar:/usr/local/kafka/apache-zookeeper-3.8.1-bin/bin/../lib/logback-core-1.2.10.jar:/usr/local/kafka/apache-zookeeper-3.8.1-bin/bin/../lib/logback-classic-1.2.10.jar:/usr/local/kafka/apache-zookeeper-3.8.1-bin/bin/../lib/jline-2.14.6.jar:/usr/local/kafka/apache-zookeeper-3.8.1-bin/bin/../lib/jetty-util-ajax-9.4.49.v20220914.jar:/usr/local/kafka/apache-zookeeper-3.8.1-bin/bin/../lib/jetty-util-9.4.49.v20220914.jar:/usr/local/kafka/apache-zookeeper-3.8.1-bin/bin/../lib/jetty-servlet-9.4.49.v20220914.jar:/usr/local/kafka/apache-zookeeper-3.8.1-bin/bin/../lib/jetty-server-9.4.49.v20220914.jar:/usr/local/kafka/apache-zookeeper-3.8.1-bin/bin/../lib/jetty-security-9.4.49.v20220914.jar:/usr/local/kafka/apache-zookeeper-3.8.1-bin/bin/../lib/jetty-io-9.4.49.v20220914.jar:/usr/local/kafka/apache-zookeeper-3.8.1-bin/bin/../lib/jetty-http-9.4.49.v20220914.jar:/usr/local/kafka/apache-zookeeper-3.8.1-bin/bin/../lib/javax.servlet-api-3.1.0.jar:/usr/local/kafka/apache-zookeeper-3.8.1-bin/bin/../lib/jackson-databind-2.13.4.2.jar:/usr/local/kafka/apache-zookeeper-3.8.1-bin/bin/../lib/jackson-core-2.13.4.jar:/usr/local/kafka/apache-zookeeper-3.8.1-bin/bin/../lib/jackson-annotations-2.13.4.jar:/usr/local/kafka/apache-zookeeper-3.8.1-bin/bin/../lib/commons-io-2.11.0.jar:/usr/local/kafka/apache-zookeeper-3.8.1-bin/bin/../lib/commons-cli-1.5.0.jar:/usr/local/kafka/apache-zookeeper-3.8.1-bin/bin/../lib/audience-annotations-0.12.0.jar:/usr/local/kafka/apache-zookeeper-3.8.1-bin/bin/../zookeeper-*.jar:/usr/local/kafka/apache-zookeeper-3.8.1-bin/bin/../zookeeper-server/src/main/resources/lib/*.jar:/usr/local/kafka/apache-zookeeper-3.8.1-bin/bin/../conf:
2023-08-01 00:15:32,647 [myid:] - INFO  [main:o.a.z.Environment@98] - Server environment:java.library.path=/usr/java/packages/lib:/usr/lib/x86_64-linux-gnu/jni:/lib/x86_64-linux-gnu:/usr/lib/x86_64-linux-gnu:/usr/lib/jni:/lib:/usr/lib
2023-08-01 00:15:32,647 [myid:] - INFO  [main:o.a.z.Environment@98] - Server environment:java.io.tmpdir=/tmp
2023-08-01 00:15:32,647 [myid:] - INFO  [main:o.a.z.Environment@98] - Server environment:java.compiler=<NA>
2023-08-01 00:15:32,647 [myid:] - INFO  [main:o.a.z.Environment@98] - Server environment:os.name=Linux
2023-08-01 00:15:32,648 [myid:] - INFO  [main:o.a.z.Environment@98] - Server environment:os.arch=amd64
2023-08-01 00:15:32,648 [myid:] - INFO  [main:o.a.z.Environment@98] - Server environment:os.version=5.15.49-linuxkit-pr
2023-08-01 00:15:32,648 [myid:] - INFO  [main:o.a.z.Environment@98] - Server environment:user.name=root
2023-08-01 00:15:32,648 [myid:] - INFO  [main:o.a.z.Environment@98] - Server environment:user.home=/root
2023-08-01 00:15:32,649 [myid:] - INFO  [main:o.a.z.Environment@98] - Server environment:user.dir=/usr/local/kafka
2023-08-01 00:15:32,649 [myid:] - INFO  [main:o.a.z.Environment@98] - Server environment:os.memory.free=43MB
2023-08-01 00:15:32,649 [myid:] - INFO  [main:o.a.z.Environment@98] - Server environment:os.memory.max=1000MB
2023-08-01 00:15:32,650 [myid:] - INFO  [main:o.a.z.Environment@98] - Server environment:os.memory.total=62MB
2023-08-01 00:15:32,650 [myid:] - INFO  [main:o.a.z.s.ZooKeeperServer@140] - zookeeper.enableEagerACLCheck = false
2023-08-01 00:15:32,651 [myid:] - INFO  [main:o.a.z.s.ZooKeeperServer@153] - zookeeper.digest.enabled = true
2023-08-01 00:15:32,651 [myid:] - INFO  [main:o.a.z.s.ZooKeeperServer@157] - zookeeper.closeSessionTxn.enabled = true
2023-08-01 00:15:32,652 [myid:] - INFO  [main:o.a.z.s.ZooKeeperServer@1510] - zookeeper.flushDelay = 0 ms
2023-08-01 00:15:32,653 [myid:] - INFO  [main:o.a.z.s.ZooKeeperServer@1519] - zookeeper.maxWriteQueuePollTime = 0 ms
2023-08-01 00:15:32,653 [myid:] - INFO  [main:o.a.z.s.ZooKeeperServer@1528] - zookeeper.maxBatchSize=1000
2023-08-01 00:15:32,653 [myid:] - INFO  [main:o.a.z.s.ZooKeeperServer@275] - zookeeper.intBufferStartingSizeBytes = 1024
2023-08-01 00:15:32,655 [myid:] - INFO  [main:o.a.z.s.BlueThrottle@141] - Weighed connection throttling is disabled
2023-08-01 00:15:32,657 [myid:] - INFO  [main:o.a.z.s.ZooKeeperServer@1311] - minSessionTimeout set to 4000 ms
2023-08-01 00:15:32,657 [myid:] - INFO  [main:o.a.z.s.ZooKeeperServer@1320] - maxSessionTimeout set to 40000 ms
2023-08-01 00:15:32,658 [myid:] - INFO  [main:o.a.z.s.ResponseCache@45] - getData response cache size is initialized with value 400.
2023-08-01 00:15:32,658 [myid:] - INFO  [main:o.a.z.s.ResponseCache@45] - getChildren response cache size is initialized with value 400.
2023-08-01 00:15:32,660 [myid:] - INFO  [main:o.a.z.s.u.RequestPathMetricsCollector@109] - zookeeper.pathStats.slotCapacity = 60
2023-08-01 00:15:32,660 [myid:] - INFO  [main:o.a.z.s.u.RequestPathMetricsCollector@110] - zookeeper.pathStats.slotDuration = 15
2023-08-01 00:15:32,661 [myid:] - INFO  [main:o.a.z.s.u.RequestPathMetricsCollector@111] - zookeeper.pathStats.maxDepth = 6
2023-08-01 00:15:32,662 [myid:] - INFO  [main:o.a.z.s.u.RequestPathMetricsCollector@112] - zookeeper.pathStats.initialDelay = 5
2023-08-01 00:15:32,662 [myid:] - INFO  [main:o.a.z.s.u.RequestPathMetricsCollector@113] - zookeeper.pathStats.delay = 5
2023-08-01 00:15:32,662 [myid:] - INFO  [main:o.a.z.s.u.RequestPathMetricsCollector@114] - zookeeper.pathStats.enabled = false
2023-08-01 00:15:32,665 [myid:] - INFO  [main:o.a.z.s.ZooKeeperServer@1547] - The max bytes for all large requests are set to 104857600
2023-08-01 00:15:32,665 [myid:] - INFO  [main:o.a.z.s.ZooKeeperServer@1561] - The large request threshold is set to -1
2023-08-01 00:15:32,665 [myid:] - INFO  [main:o.a.z.s.AuthenticationHelper@66] - zookeeper.enforce.auth.enabled = false
2023-08-01 00:15:32,666 [myid:] - INFO  [main:o.a.z.s.AuthenticationHelper@67] - zookeeper.enforce.auth.schemes = []
2023-08-01 00:15:32,666 [myid:] - INFO  [main:o.a.z.s.ZooKeeperServer@376] - Created server with tickTime 2000 ms minSessionTimeout 4000 ms maxSessionTimeout 40000 ms clientPortListenBacklog -1 datadir {{KAFKA_HOME}}/apache-zookeeper-3.8.1-bin/data/version-2 snapdir {{KAFKA_HOME}}/apache-zookeeper-3.8.1-bin/data/version-2
2023-08-01 00:15:32,688 [myid:] - INFO  [main:o.e.j.u.l.Log@170] - Logging initialized @608ms to org.eclipse.jetty.util.log.Slf4jLog
2023-08-01 00:15:32,772 [myid:] - WARN  [main:o.e.j.s.h.ContextHandler@1662] - o.e.j.s.ServletContextHandler@201a4587{/,null,STOPPED} contextPath ends with /*
2023-08-01 00:15:32,773 [myid:] - WARN  [main:o.e.j.s.h.ContextHandler@1673] - Empty contextPath
2023-08-01 00:15:32,791 [myid:] - INFO  [main:o.e.j.s.Server@375] - jetty-9.4.49.v20220914; built: 2022-09-14T01:07:36.601Z; git: 4231a3b2e4cb8548a412a789936d640a97b1aa0a; jvm 11.0.18+10-post-Debian-1deb11u1
2023-08-01 00:15:32,817 [myid:] - INFO  [main:o.e.j.s.s.DefaultSessionIdManager@334] - DefaultSessionIdManager workerName=node0
2023-08-01 00:15:32,817 [myid:] - INFO  [main:o.e.j.s.s.DefaultSessionIdManager@339] - No SessionScavenger set, using defaults
2023-08-01 00:15:32,819 [myid:] - INFO  [main:o.e.j.s.s.HouseKeeper@132] - node0 Scavenging every 660000ms
2023-08-01 00:15:32,825 [myid:] - WARN  [main:o.e.j.s.ConstraintSecurityHandler@759] - ServletContext@o.e.j.s.ServletContextHandler@201a4587{/,null,STARTING} has uncovered http methods for path: /*
2023-08-01 00:15:32,845 [myid:] - INFO  [main:o.e.j.s.h.ContextHandler@921] - Started o.e.j.s.ServletContextHandler@201a4587{/,null,AVAILABLE}
2023-08-01 00:15:32,872 [myid:] - INFO  [main:o.e.j.s.AbstractConnector@333] - Started ServerConnector@212b5695{HTTP/1.1, (http/1.1)}{0.0.0.0:8080}
2023-08-01 00:15:32,873 [myid:] - INFO  [main:o.e.j.s.Server@415] - Started @793ms
2023-08-01 00:15:32,874 [myid:] - INFO  [main:o.a.z.s.a.JettyAdminServer@196] - Started AdminServer on address 0.0.0.0, port 8080 and command URL /commands
2023-08-01 00:15:32,883 [myid:] - INFO  [main:o.a.z.s.ServerCnxnFactory@169] - Using org.apache.zookeeper.server.NIOServerCnxnFactory as server connection factory
2023-08-01 00:15:32,885 [myid:] - WARN  [main:o.a.z.s.ServerCnxnFactory@309] - maxCnxns is not configured, using default value 0.
2023-08-01 00:15:32,888 [myid:] - INFO  [main:o.a.z.s.NIOServerCnxnFactory@652] - Configuring NIO connection handler with 10s sessionless connection timeout, 1 selector thread(s), 12 worker threads, and 64 kB direct buffers.
2023-08-01 00:15:32,890 [myid:] - INFO  [main:o.a.z.s.NIOServerCnxnFactory@660] - binding to port 0.0.0.0/0.0.0.0:2181
2023-08-01 00:15:32,907 [myid:] - INFO  [main:o.a.z.s.w.WatchManagerFactory@42] - Using org.apache.zookeeper.server.watch.WatchManager as watch manager
2023-08-01 00:15:32,907 [myid:] - INFO  [main:o.a.z.s.w.WatchManagerFactory@42] - Using org.apache.zookeeper.server.watch.WatchManager as watch manager
2023-08-01 00:15:32,909 [myid:] - INFO  [main:o.a.z.s.ZKDatabase@132] - zookeeper.snapshotSizeFactor = 0.33
2023-08-01 00:15:32,909 [myid:] - INFO  [main:o.a.z.s.ZKDatabase@152] - zookeeper.commitLogCount=500
2023-08-01 00:15:32,916 [myid:] - INFO  [main:o.a.z.s.p.SnapStream@61] - zookeeper.snapshot.compression.method = CHECKED
2023-08-01 00:15:32,919 [myid:] - INFO  [main:o.a.z.s.p.FileSnap@85] - Reading snapshot {{KAFKA_HOME}}/apache-zookeeper-3.8.1-bin/data/version-2/snapshot.0
2023-08-01 00:15:32,922 [myid:] - INFO  [main:o.a.z.s.DataTree@1712] - The digest value is empty in snapshot
2023-08-01 00:15:32,928 [myid:] - INFO  [main:o.a.z.s.ZKDatabase@289] - Snapshot loaded in 18 ms, highest zxid is 0x0, digest is 1371985504
2023-08-01 00:15:32,930 [myid:] - INFO  [main:o.a.z.s.p.FileTxnSnapLog@479] - Snapshotting: 0x0 to {{KAFKA_HOME}}/apache-zookeeper-3.8.1-bin/data/version-2/snapshot.0
2023-08-01 00:15:32,935 [myid:] - INFO  [main:o.a.z.s.ZooKeeperServer@558] - Snapshot taken in 5 ms
2023-08-01 00:15:32,953 [myid:] - INFO  [ProcessThread(sid:0 cport:2181)::o.a.z.s.PrepRequestProcessor@138] - PrepRequestProcessor (sid:0) started, reconfigEnabled=false
2023-08-01 00:15:32,954 [myid:] - INFO  [main:o.a.z.s.RequestThrottler@75] - zookeeper.request_throttler.shutdownTimeout = 10000 ms
2023-08-01 00:15:32,985 [myid:] - INFO  [main:o.a.z.s.ContainerManager@84] - Using checkIntervalMs=60000 maxPerMinute=10000 maxNeverUsedIntervalMs=0
2023-08-01 00:15:32,986 [myid:] - INFO  [main:o.a.z.a.ZKAuditProvider@42] - ZooKeeper audit is disabled.
