[2023-08-01T13:58:47.126+0000][gc,heap] Heap region size: 1M
[2023-08-01T13:58:47.137+0000][gc     ] Using G1
[2023-08-01T13:58:47.137+0000][gc,heap,coops] Heap address: 0x00000000c0000000, size: 1024 MB, Compressed Oops mode: 32-bit
[2023-08-01T13:58:47.137+0000][gc,cds       ] Mark closed archive regions in map: [0x00000000fff00000, 0x00000000fff6aff8]
[2023-08-01T13:58:47.137+0000][gc,cds       ] Mark open archive regions in map: [0x00000000ffe00000, 0x00000000ffe47ff8]
[2023-08-01T13:58:47.901+0000][gc,start     ] GC(0) Pause Young (Normal) (G1 Evacuation Pause)
[2023-08-01T13:58:47.902+0000][gc,task      ] GC(0) Using 6 workers of 6 for evacuation
[2023-08-01T13:58:47.909+0000][gc,phases    ] GC(0)   Pre Evacuate Collection Set: 0.1ms
[2023-08-01T13:58:47.909+0000][gc,phases    ] GC(0)   Evacuate Collection Set: 6.1ms
[2023-08-01T13:58:47.909+0000][gc,phases    ] GC(0)   Post Evacuate Collection Set: 0.6ms
[2023-08-01T13:58:47.909+0000][gc,phases    ] GC(0)   Other: 0.9ms
[2023-08-01T13:58:47.909+0000][gc,heap      ] GC(0) Eden regions: 51->0(44)
[2023-08-01T13:58:47.910+0000][gc,heap      ] GC(0) Survivor regions: 0->7(7)
[2023-08-01T13:58:47.910+0000][gc,heap      ] GC(0) Old regions: 2->2
[2023-08-01T13:58:47.910+0000][gc,heap      ] GC(0) Humongous regions: 0->0
[2023-08-01T13:58:47.910+0000][gc,metaspace ] GC(0) Metaspace: 14164K(14848K)->14164K(14848K) NonClass: 12426K(12800K)->12426K(12800K) Class: 1738K(2048K)->1738K(2048K)
[2023-08-01T13:58:47.910+0000][gc           ] GC(0) Pause Young (Normal) (G1 Evacuation Pause) 51M->7M(1024M) 8.311ms
[2023-08-01T13:58:47.910+0000][gc,cpu       ] GC(0) User=0.03s Sys=0.01s Real=0.00s
[2023-08-01T13:58:53.674+0000][gc,heap,exit ] Heap
[2023-08-01T13:58:53.674+0000][gc,heap,exit ]  garbage-first heap   total 1048576K, used 11840K [0x00000000c0000000, 0x0000000100000000)
[2023-08-01T13:58:53.674+0000][gc,heap,exit ]   region size 1024K, 12 young (12288K), 7 survivors (7168K)
[2023-08-01T13:58:53.674+0000][gc,heap,exit ]  Metaspace       used 14898K, capacity 15384K, committed 15616K, reserved 1062912K
[2023-08-01T13:58:53.674+0000][gc,heap,exit ]   class space    used 1821K, capacity 2015K, committed 2048K, reserved 1048576K
