[2023-08-10 20:05:11,556] INFO Terminating process due to signal SIGTERM (org.apache.kafka.common.utils.LoggingSignalHandler)
[2023-08-10 20:05:11,558] INFO [KafkaServer id=1] shutting down (kafka.server.KafkaServer)
[2023-08-10 20:05:11,560] INFO [KafkaServer id=1] Starting controlled shutdown (kafka.server.KafkaServer)
[2023-08-10 20:05:11,576] INFO [Controller id=1, targetBrokerId=1] Node 1 disconnected. (org.apache.kafka.clients.NetworkClient)
[2023-08-10 20:05:11,583] INFO [ReplicaFetcherManager on broker 1] Removed fetcher for partitions Set(topic_name-0) (kafka.server.ReplicaFetcherManager)
[2023-08-10 20:05:11,584] INFO [ReplicaAlterLogDirsManager on broker 1] Removed fetcher for partitions Set(topic_name-0) (kafka.server.ReplicaAlterLogDirsManager)
[2023-08-10 20:05:11,585] INFO [KafkaServer id=1] Controlled shutdown request returned successfully after 20ms (kafka.server.KafkaServer)
[2023-08-10 20:05:11,589] INFO [/config/changes-event-process-thread]: Shutting down (kafka.common.ZkNodeChangeNotificationListener$ChangeEventProcessThread)
[2023-08-10 20:05:11,590] INFO [/config/changes-event-process-thread]: Stopped (kafka.common.ZkNodeChangeNotificationListener$ChangeEventProcessThread)
[2023-08-10 20:05:11,590] INFO [/config/changes-event-process-thread]: Shutdown completed (kafka.common.ZkNodeChangeNotificationListener$ChangeEventProcessThread)
[2023-08-10 20:05:11,591] INFO [SocketServer listenerType=ZK_BROKER, nodeId=1] Stopping socket server request processors (kafka.network.SocketServer)
[2023-08-10 20:05:11,592] INFO [ReplicaFetcherManager on broker 1] Removed fetcher for partitions Set(topic_name-0) (kafka.server.ReplicaFetcherManager)
[2023-08-10 20:05:11,594] INFO [ReplicaAlterLogDirsManager on broker 1] Removed fetcher for partitions Set(topic_name-0) (kafka.server.ReplicaAlterLogDirsManager)
[2023-08-10 20:05:11,596] INFO [Controller id=1, targetBrokerId=1] Node 1 disconnected. (org.apache.kafka.clients.NetworkClient)
[2023-08-10 20:05:11,596] INFO [Controller id=1, targetBrokerId=1] Cancelled in-flight STOP_REPLICA request with correlation id 7 due to node 1 being disconnected (elapsed time since creation: 5ms, elapsed time since send: 5ms, request timeout: 30000ms) (org.apache.kafka.clients.NetworkClient)
[2023-08-10 20:05:11,598] INFO [Controller id=1, targetBrokerId=1] Client requested connection close from node 1 (org.apache.kafka.clients.NetworkClient)
[2023-08-10 20:05:11,601] INFO [SocketServer listenerType=ZK_BROKER, nodeId=1] Stopped socket server request processors (kafka.network.SocketServer)
[2023-08-10 20:05:11,602] INFO [data-plane Kafka Request Handler on Broker 1], shutting down (kafka.server.KafkaRequestHandlerPool)
[2023-08-10 20:05:11,604] INFO [data-plane Kafka Request Handler on Broker 1], shut down completely (kafka.server.KafkaRequestHandlerPool)
[2023-08-10 20:05:11,608] INFO [ExpirationReaper-1-AlterAcls]: Shutting down (kafka.server.DelayedOperationPurgatory$ExpiredOperationReaper)
[2023-08-10 20:05:11,609] INFO [ExpirationReaper-1-AlterAcls]: Stopped (kafka.server.DelayedOperationPurgatory$ExpiredOperationReaper)
[2023-08-10 20:05:11,609] INFO [ExpirationReaper-1-AlterAcls]: Shutdown completed (kafka.server.DelayedOperationPurgatory$ExpiredOperationReaper)
[2023-08-10 20:05:11,610] INFO [KafkaApi-1] Shutdown complete. (kafka.server.KafkaApis)
[2023-08-10 20:05:11,611] INFO [ExpirationReaper-1-topic]: Shutting down (kafka.server.DelayedOperationPurgatory$ExpiredOperationReaper)
[2023-08-10 20:05:11,612] INFO [ExpirationReaper-1-topic]: Stopped (kafka.server.DelayedOperationPurgatory$ExpiredOperationReaper)
[2023-08-10 20:05:11,612] INFO [ExpirationReaper-1-topic]: Shutdown completed (kafka.server.DelayedOperationPurgatory$ExpiredOperationReaper)
[2023-08-10 20:05:11,615] INFO [TransactionCoordinator id=1] Shutting down. (kafka.coordinator.transaction.TransactionCoordinator)
[2023-08-10 20:05:11,616] INFO [Transaction State Manager 1]: Shutdown complete (kafka.coordinator.transaction.TransactionStateManager)
[2023-08-10 20:05:11,616] INFO [TxnMarkerSenderThread-1]: Shutting down (kafka.coordinator.transaction.TransactionMarkerChannelManager)
[2023-08-10 20:05:11,618] INFO [TxnMarkerSenderThread-1]: Shutdown completed (kafka.coordinator.transaction.TransactionMarkerChannelManager)
[2023-08-10 20:05:11,618] INFO [TxnMarkerSenderThread-1]: Stopped (kafka.coordinator.transaction.TransactionMarkerChannelManager)
[2023-08-10 20:05:11,619] INFO [TransactionCoordinator id=1] Shutdown complete. (kafka.coordinator.transaction.TransactionCoordinator)
[2023-08-10 20:05:11,620] INFO [GroupCoordinator 1]: Shutting down. (kafka.coordinator.group.GroupCoordinator)
[2023-08-10 20:05:11,621] INFO [ExpirationReaper-1-Heartbeat]: Shutting down (kafka.server.DelayedOperationPurgatory$ExpiredOperationReaper)
[2023-08-10 20:05:11,622] INFO [ExpirationReaper-1-Heartbeat]: Stopped (kafka.server.DelayedOperationPurgatory$ExpiredOperationReaper)
[2023-08-10 20:05:11,622] INFO [ExpirationReaper-1-Heartbeat]: Shutdown completed (kafka.server.DelayedOperationPurgatory$ExpiredOperationReaper)
[2023-08-10 20:05:11,623] INFO [ExpirationReaper-1-Rebalance]: Shutting down (kafka.server.DelayedOperationPurgatory$ExpiredOperationReaper)
[2023-08-10 20:05:11,624] INFO [ExpirationReaper-1-Rebalance]: Stopped (kafka.server.DelayedOperationPurgatory$ExpiredOperationReaper)
[2023-08-10 20:05:11,624] INFO [ExpirationReaper-1-Rebalance]: Shutdown completed (kafka.server.DelayedOperationPurgatory$ExpiredOperationReaper)
[2023-08-10 20:05:11,625] INFO [GroupCoordinator 1]: Shutdown complete. (kafka.coordinator.group.GroupCoordinator)
[2023-08-10 20:05:11,625] INFO [ReplicaManager broker=1] Shutting down (kafka.server.ReplicaManager)
[2023-08-10 20:05:11,626] INFO [LogDirFailureHandler]: Shutting down (kafka.server.ReplicaManager$LogDirFailureHandler)
[2023-08-10 20:05:11,626] INFO [LogDirFailureHandler]: Shutdown completed (kafka.server.ReplicaManager$LogDirFailureHandler)
[2023-08-10 20:05:11,626] INFO [LogDirFailureHandler]: Stopped (kafka.server.ReplicaManager$LogDirFailureHandler)
[2023-08-10 20:05:11,627] INFO [ReplicaFetcherManager on broker 1] shutting down (kafka.server.ReplicaFetcherManager)
[2023-08-10 20:05:11,628] INFO [ReplicaFetcherManager on broker 1] shutdown completed (kafka.server.ReplicaFetcherManager)
[2023-08-10 20:05:11,629] INFO [ReplicaAlterLogDirsManager on broker 1] shutting down (kafka.server.ReplicaAlterLogDirsManager)
[2023-08-10 20:05:11,629] INFO [ReplicaAlterLogDirsManager on broker 1] shutdown completed (kafka.server.ReplicaAlterLogDirsManager)
[2023-08-10 20:05:11,630] INFO [ExpirationReaper-1-Fetch]: Shutting down (kafka.server.DelayedOperationPurgatory$ExpiredOperationReaper)
[2023-08-10 20:05:11,631] INFO [ExpirationReaper-1-Fetch]: Stopped (kafka.server.DelayedOperationPurgatory$ExpiredOperationReaper)
[2023-08-10 20:05:11,631] INFO [ExpirationReaper-1-Fetch]: Shutdown completed (kafka.server.DelayedOperationPurgatory$ExpiredOperationReaper)
[2023-08-10 20:05:11,631] INFO [ExpirationReaper-1-Produce]: Shutting down (kafka.server.DelayedOperationPurgatory$ExpiredOperationReaper)
[2023-08-10 20:05:11,632] INFO [ExpirationReaper-1-Produce]: Stopped (kafka.server.DelayedOperationPurgatory$ExpiredOperationReaper)
[2023-08-10 20:05:11,632] INFO [ExpirationReaper-1-Produce]: Shutdown completed (kafka.server.DelayedOperationPurgatory$ExpiredOperationReaper)
[2023-08-10 20:05:11,633] INFO [ExpirationReaper-1-DeleteRecords]: Shutting down (kafka.server.DelayedOperationPurgatory$ExpiredOperationReaper)
[2023-08-10 20:05:11,634] INFO [ExpirationReaper-1-DeleteRecords]: Stopped (kafka.server.DelayedOperationPurgatory$ExpiredOperationReaper)
[2023-08-10 20:05:11,634] INFO [ExpirationReaper-1-DeleteRecords]: Shutdown completed (kafka.server.DelayedOperationPurgatory$ExpiredOperationReaper)
[2023-08-10 20:05:11,635] INFO [ExpirationReaper-1-ElectLeader]: Shutting down (kafka.server.DelayedOperationPurgatory$ExpiredOperationReaper)
[2023-08-10 20:05:11,636] INFO [ExpirationReaper-1-ElectLeader]: Stopped (kafka.server.DelayedOperationPurgatory$ExpiredOperationReaper)
[2023-08-10 20:05:11,636] INFO [ExpirationReaper-1-ElectLeader]: Shutdown completed (kafka.server.DelayedOperationPurgatory$ExpiredOperationReaper)
[2023-08-10 20:05:11,640] INFO [ReplicaManager broker=1] Shut down completely (kafka.server.ReplicaManager)
[2023-08-10 20:05:11,641] INFO [zk-broker-1-to-controller-alter-partition-channel-manager]: Shutting down (kafka.server.BrokerToControllerRequestThread)
[2023-08-10 20:05:11,641] INFO [zk-broker-1-to-controller-alter-partition-channel-manager]: Stopped (kafka.server.BrokerToControllerRequestThread)
[2023-08-10 20:05:11,641] INFO [zk-broker-1-to-controller-alter-partition-channel-manager]: Shutdown completed (kafka.server.BrokerToControllerRequestThread)
[2023-08-10 20:05:11,643] INFO Broker to controller channel manager for alter-partition shutdown (kafka.server.BrokerToControllerChannelManagerImpl)
[2023-08-10 20:05:11,644] INFO [zk-broker-1-to-controller-forwarding-channel-manager]: Shutting down (kafka.server.BrokerToControllerRequestThread)
[2023-08-10 20:05:11,644] INFO [zk-broker-1-to-controller-forwarding-channel-manager]: Stopped (kafka.server.BrokerToControllerRequestThread)
[2023-08-10 20:05:11,644] INFO [zk-broker-1-to-controller-forwarding-channel-manager]: Shutdown completed (kafka.server.BrokerToControllerRequestThread)
[2023-08-10 20:05:11,645] INFO Broker to controller channel manager for forwarding shutdown (kafka.server.BrokerToControllerChannelManagerImpl)
[2023-08-10 20:05:11,646] INFO Shutting down. (kafka.log.LogManager)
[2023-08-10 20:05:11,649] INFO [kafka-log-cleaner-thread-0]: Shutting down (kafka.log.LogCleaner$CleanerThread)
[2023-08-10 20:05:11,649] INFO [kafka-log-cleaner-thread-0]: Shutdown completed (kafka.log.LogCleaner$CleanerThread)
[2023-08-10 20:05:11,649] INFO [kafka-log-cleaner-thread-0]: Stopped (kafka.log.LogCleaner$CleanerThread)
[2023-08-10 20:05:11,699] INFO [Controller id=1, targetBrokerId=1] Node 1 disconnected. (org.apache.kafka.clients.NetworkClient)
[2023-08-10 20:05:11,700] WARN [Controller id=1, targetBrokerId=1] Connection to node 1 (localhost/127.0.0.1:9092) could not be established. Broker may not be available. (org.apache.kafka.clients.NetworkClient)
[2023-08-10 20:05:11,700] INFO [Controller id=1, targetBrokerId=1] Client requested connection close from node 1 (org.apache.kafka.clients.NetworkClient)
[2023-08-10 20:05:11,714] INFO [ProducerStateManager partition=__consumer_offsets-11]Wrote producer snapshot at offset 3 with 0 producer ids in 1 ms. (org.apache.kafka.storage.internals.log.ProducerStateManager)
[2023-08-10 20:05:11,722] WARN /usr/local/kafka/kafka_2.13-3.5.0/data/.kafka_cleanshutdown (kafka.utils.CoreUtils$)
java.nio.file.FileAlreadyExistsException: /usr/local/kafka/kafka_2.13-3.5.0/data/.kafka_cleanshutdown
	at java.base/sun.nio.fs.UnixException.translateToIOException(Unknown Source)
	at java.base/sun.nio.fs.UnixException.rethrowAsIOException(Unknown Source)
	at java.base/sun.nio.fs.UnixException.rethrowAsIOException(Unknown Source)
	at java.base/sun.nio.fs.UnixFileSystemProvider.newByteChannel(Unknown Source)
	at java.base/java.nio.file.Files.newByteChannel(Unknown Source)
	at java.base/java.nio.file.Files.createFile(Unknown Source)
	at kafka.log.LogManager.$anonfun$shutdown$16(LogManager.scala:632)
	at kafka.utils.CoreUtils$.swallow(CoreUtils.scala:68)
	at kafka.log.LogManager.$anonfun$shutdown$10(LogManager.scala:632)
	at kafka.log.LogManager.$anonfun$shutdown$10$adapted(LogManager.scala:618)
	at kafka.utils.Implicits$MapExtensionMethods$.$anonfun$forKeyValue$1(Implicits.scala:62)
	at scala.collection.mutable.HashMap$Node.foreachEntry(HashMap.scala:633)
	at scala.collection.mutable.HashMap.foreachEntry(HashMap.scala:499)
	at kafka.log.LogManager.shutdown(LogManager.scala:618)
	at kafka.server.KafkaServer.$anonfun$shutdown$19(KafkaServer.scala:921)
	at kafka.utils.CoreUtils$.swallow(CoreUtils.scala:68)
	at kafka.server.KafkaServer.shutdown(KafkaServer.scala:921)
	at kafka.Kafka$.$anonfun$main$3(Kafka.scala:104)
	at kafka.utils.Exit$.$anonfun$addShutdownHook$1(Exit.scala:38)
	at java.base/java.lang.Thread.run(Unknown Source)
[2023-08-10 20:05:11,724] INFO Shutdown complete. (kafka.log.LogManager)
[2023-08-10 20:05:11,731] INFO [Controller id=1, targetBrokerId=1] Client requested connection close from node 1 (org.apache.kafka.clients.NetworkClient)
[2023-08-10 20:05:11,734] INFO [feature-zk-node-event-process-thread]: Shutting down (kafka.server.FinalizedFeatureChangeListener$ChangeNotificationProcessorThread)
[2023-08-10 20:05:11,734] INFO [feature-zk-node-event-process-thread]: Shutdown completed (kafka.server.FinalizedFeatureChangeListener$ChangeNotificationProcessorThread)
[2023-08-10 20:05:11,734] INFO [feature-zk-node-event-process-thread]: Stopped (kafka.server.FinalizedFeatureChangeListener$ChangeNotificationProcessorThread)
[2023-08-10 20:05:11,735] INFO [ZooKeeperClient Kafka server] Closing. (kafka.zookeeper.ZooKeeperClient)
[2023-08-10 20:05:11,841] INFO Session: 0x1000000200c0000 closed (org.apache.zookeeper.ZooKeeper)
[2023-08-10 20:05:11,841] INFO EventThread shut down for session: 0x1000000200c0000 (org.apache.zookeeper.ClientCnxn)
[2023-08-10 20:05:11,843] INFO [ZooKeeperClient Kafka server] Closed. (kafka.zookeeper.ZooKeeperClient)
[2023-08-10 20:05:11,844] INFO [ThrottledChannelReaper-Fetch]: Shutting down (kafka.server.ClientQuotaManager$ThrottledChannelReaper)
[2023-08-10 20:05:11,845] INFO [ThrottledChannelReaper-Fetch]: Stopped (kafka.server.ClientQuotaManager$ThrottledChannelReaper)
[2023-08-10 20:05:11,845] INFO [ThrottledChannelReaper-Fetch]: Shutdown completed (kafka.server.ClientQuotaManager$ThrottledChannelReaper)
[2023-08-10 20:05:11,846] INFO [ThrottledChannelReaper-Produce]: Shutting down (kafka.server.ClientQuotaManager$ThrottledChannelReaper)
[2023-08-10 20:05:11,846] INFO [ThrottledChannelReaper-Produce]: Stopped (kafka.server.ClientQuotaManager$ThrottledChannelReaper)
[2023-08-10 20:05:11,846] INFO [ThrottledChannelReaper-Produce]: Shutdown completed (kafka.server.ClientQuotaManager$ThrottledChannelReaper)
[2023-08-10 20:05:11,847] INFO [ThrottledChannelReaper-Request]: Shutting down (kafka.server.ClientQuotaManager$ThrottledChannelReaper)
[2023-08-10 20:05:11,847] INFO [ThrottledChannelReaper-Request]: Stopped (kafka.server.ClientQuotaManager$ThrottledChannelReaper)
[2023-08-10 20:05:11,847] INFO [ThrottledChannelReaper-Request]: Shutdown completed (kafka.server.ClientQuotaManager$ThrottledChannelReaper)
[2023-08-10 20:05:11,848] INFO [ThrottledChannelReaper-ControllerMutation]: Shutting down (kafka.server.ClientQuotaManager$ThrottledChannelReaper)
[2023-08-10 20:05:11,848] INFO [ThrottledChannelReaper-ControllerMutation]: Stopped (kafka.server.ClientQuotaManager$ThrottledChannelReaper)
[2023-08-10 20:05:11,848] INFO [ThrottledChannelReaper-ControllerMutation]: Shutdown completed (kafka.server.ClientQuotaManager$ThrottledChannelReaper)
[2023-08-10 20:05:11,849] INFO [SocketServer listenerType=ZK_BROKER, nodeId=1] Shutting down socket server (kafka.network.SocketServer)
[2023-08-10 20:05:11,859] INFO [SocketServer listenerType=ZK_BROKER, nodeId=1] Shutdown completed (kafka.network.SocketServer)
[2023-08-10 20:05:11,860] INFO Metrics scheduler closed (org.apache.kafka.common.metrics.Metrics)
[2023-08-10 20:05:11,860] INFO Closing reporter org.apache.kafka.common.metrics.JmxReporter (org.apache.kafka.common.metrics.Metrics)
[2023-08-10 20:05:11,861] INFO Metrics reporters closed (org.apache.kafka.common.metrics.Metrics)
[2023-08-10 20:05:11,862] INFO Broker and topic stats closed (kafka.server.BrokerTopicStats)
[2023-08-10 20:05:11,863] INFO App info kafka.server for 1 unregistered (org.apache.kafka.common.utils.AppInfoParser)
[2023-08-10 20:05:11,863] INFO [KafkaServer id=1] shut down completed (kafka.server.KafkaServer)
