[2023-08-01 17:07:26,907] INFO [Controller id=1 epoch=5] Changed partition topic_na-0 state from NonExistentPartition to NewPartition with assigned replicas 1 (state.change.logger)
[2023-08-01 17:07:26,908] INFO [Controller id=1 epoch=5] Sending UpdateMetadata request to brokers HashSet() for 0 partitions (state.change.logger)
[2023-08-01 17:07:26,910] INFO [Controller id=1 epoch=5] Sending UpdateMetadata request to brokers HashSet() for 0 partitions (state.change.logger)
[2023-08-01 17:07:26,921] INFO [Controller id=1 epoch=5] Changed partition topic_na-0 from NewPartition to OnlinePartition with state LeaderAndIsr(leader=1, leaderEpoch=0, isrWithBrokerEpoch=List(BrokerState(brokerId=1, brokerEpoch=-1)), leaderRecoveryState=RECOVERED, partitionEpoch=0) (state.change.logger)
[2023-08-01 17:07:26,921] INFO [Controller id=1 epoch=5] Sending LeaderAndIsr request to broker 1 with 1 become-leader and 0 become-follower partitions (state.change.logger)
[2023-08-01 17:07:26,922] INFO [Controller id=1 epoch=5] Sending UpdateMetadata request to brokers HashSet(1) for 1 partitions (state.change.logger)
[2023-08-01 17:07:26,922] INFO [Controller id=1 epoch=5] Sending UpdateMetadata request to brokers HashSet() for 0 partitions (state.change.logger)
[2023-08-01 17:07:26,925] INFO [Broker id=1] Handling LeaderAndIsr request correlationId 7 from controller 1 for 1 partitions (state.change.logger)
[2023-08-01 17:07:26,927] INFO [Broker id=1] Stopped fetchers as part of LeaderAndIsr request correlationId 7 from controller 1 epoch 5 as part of the become-leader transition for 1 partitions (state.change.logger)
[2023-08-01 17:07:26,937] INFO [Broker id=1] Leader topic_na-0 with topic id Some(0rQWoS9KR8-B9AqUNsdiWg) starts at leader epoch 0 from offset 0 with partition epoch 0, high watermark 0, ISR [1], adding replicas [] and removing replicas [] . Previous leader epoch was -1. (state.change.logger)
[2023-08-01 17:07:26,940] INFO [Broker id=1] Finished LeaderAndIsr request in 15ms correlationId 7 from controller 1 for 1 partitions (state.change.logger)
[2023-08-01 17:07:26,942] INFO [Broker id=1] Add 1 partitions and deleted 0 partitions from metadata cache in response to UpdateMetadata request sent by controller 1 epoch 5 with correlation id 8 (state.change.logger)
[2023-08-01 17:09:58,391] INFO [Controller id=1 epoch=5] Sending UpdateMetadata request to brokers HashSet() for 0 partitions (state.change.logger)
[2023-08-01 17:09:58,393] INFO [Controller id=1 epoch=5] Sending StopReplica request for 1 replicas to broker 1 (state.change.logger)
[2023-08-01 17:09:58,396] INFO [Broker id=1] Handling StopReplica request correlationId 9 from controller 1 for 1 partitions (state.change.logger)
[2023-08-01 17:09:58,396] INFO [Controller id=1 epoch=5] Partition topic_name-0 state changed to (Leader:-1,ISR:2,LeaderRecoveryState:RECOVERED,LeaderEpoch:2,ZkVersion:2,ControllerEpoch:5) after removing replica 1 from the ISR as part of transition to OfflineReplica (state.change.logger)
[2023-08-01 17:09:58,397] INFO [Controller id=1 epoch=5] Sending UpdateMetadata request to brokers HashSet(1) for 1 partitions (state.change.logger)
[2023-08-01 17:09:58,397] INFO [Controller id=1 epoch=5] Sending StopReplica request for 1 replicas to broker 1 (state.change.logger)
[2023-08-01 17:09:58,412] INFO [Broker id=1] Add 1 partitions and deleted 0 partitions from metadata cache in response to UpdateMetadata request sent by controller 1 epoch 5 with correlation id 10 (state.change.logger)
[2023-08-01 17:09:58,414] INFO [Broker id=1] Handling StopReplica request correlationId 11 from controller 1 for 1 partitions (state.change.logger)
